This file contains any messages produced by compilers while
running configure, to aid debugging if configure makes a mistake.

It was created by chesslan configure 0.1, which was
generated by GNU Autoconf 2.68.  Invocation command line was

  $ ./configure 

## --------- ##
## Platform. ##
## --------- ##

hostname = huyphung-HP-EliteBook-8440p
uname -m = x86_64
uname -r = 3.8.0-31-generic
uname -s = Linux
uname -v = #46~precise1-Ubuntu SMP Wed Sep 11 18:21:16 UTC 2013

/usr/bin/uname -p = unknown
/bin/uname -X     = unknown

/bin/arch              = unknown
/usr/bin/arch -k       = unknown
/usr/convex/getsysinfo = unknown
/usr/bin/hostinfo      = unknown
/bin/machine           = unknown
/usr/bin/oslevel       = unknown
/bin/universe          = unknown

PATH: /usr/lib/lightdm/lightdm
PATH: /usr/local/sbin
PATH: /usr/local/bin
PATH: /usr/sbin
PATH: /usr/bin
PATH: /sbin
PATH: /bin
PATH: /usr/games
PATH: /usr/lib/lightdm/lightdm
PATH: /usr/local/sbin
PATH: /usr/local/bin
PATH: /usr/sbin
PATH: /usr/bin
PATH: /sbin
PATH: /bin
PATH: /usr/games


## ----------- ##
## Core tests. ##
## ----------- ##

configure:2709: checking for a BSD-compatible install
configure:2777: result: /usr/bin/install -c
configure:2788: checking whether build environment is sane
configure:2838: result: yes
configure:2979: checking for a thread-safe mkdir -p
configure:3018: result: /bin/mkdir -p
configure:3031: checking for gawk
configure:3061: result: no
configure:3031: checking for mawk
configure:3047: found /usr/bin/mawk
configure:3058: result: mawk
configure:3069: checking whether make sets $(MAKE)
configure:3091: result: yes
configure:3186: checking for style of include used by make
configure:3214: result: GNU
configure:3285: checking for gcc
configure:3301: found /usr/bin/gcc
configure:3312: result: gcc
configure:3541: checking for C compiler version
configure:3550: gcc --version >&5
gcc (Ubuntu/Linaro 4.6.3-1ubuntu5) 4.6.3
Copyright (C) 2011 Free Software Foundation, Inc.
This is free software; see the source for copying conditions.  There is NO
warranty; not even for MERCHANTABILITY or FITNESS FOR A PARTICULAR PURPOSE.

configure:3561: $? = 0
configure:3550: gcc -v >&5
Using built-in specs.
COLLECT_GCC=gcc
COLLECT_LTO_WRAPPER=/usr/lib/gcc/x86_64-linux-gnu/4.6/lto-wrapper
Target: x86_64-linux-gnu
Configured with: ../src/configure -v --with-pkgversion='Ubuntu/Linaro 4.6.3-1ubuntu5' --with-bugurl=file:///usr/share/doc/gcc-4.6/README.Bugs --enable-languages=c,c++,fortran,objc,obj-c++ --prefix=/usr --program-suffix=-4.6 --enable-shared --enable-linker-build-id --with-system-zlib --libexecdir=/usr/lib --without-included-gettext --enable-threads=posix --with-gxx-include-dir=/usr/include/c++/4.6 --libdir=/usr/lib --enable-nls --with-sysroot=/ --enable-clocale=gnu --enable-libstdcxx-debug --enable-libstdcxx-time=yes --enable-gnu-unique-object --enable-plugin --enable-objc-gc --disable-werror --with-arch-32=i686 --with-tune=generic --enable-checking=release --build=x86_64-linux-gnu --host=x86_64-linux-gnu --target=x86_64-linux-gnu
Thread model: posix
gcc version 4.6.3 (Ubuntu/Linaro 4.6.3-1ubuntu5) 
configure:3561: $? = 0
configure:3550: gcc -V >&5
gcc: error: unrecognized option '-V'
gcc: fatal error: no input files
compilation terminated.
configure:3561: $? = 4
configure:3550: gcc -qversion >&5
gcc: error: unrecognized option '-qversion'
gcc: fatal error: no input files
compilation terminated.
configure:3561: $? = 4
configure:3581: checking whether the C compiler works
configure:3603: gcc    conftest.c  >&5
configure:3607: $? = 0
configure:3655: result: yes
configure:3658: checking for C compiler default output file name
configure:3660: result: a.out
configure:3666: checking for suffix of executables
configure:3673: gcc -o conftest    conftest.c  >&5
configure:3677: $? = 0
configure:3699: result: 
configure:3721: checking whether we are cross compiling
configure:3729: gcc -o conftest    conftest.c  >&5
configure:3733: $? = 0
configure:3740: ./conftest
configure:3744: $? = 0
configure:3759: result: no
configure:3764: checking for suffix of object files
configure:3786: gcc -c   conftest.c >&5
configure:3790: $? = 0
configure:3811: result: o
configure:3815: checking whether we are using the GNU C compiler
configure:3834: gcc -c   conftest.c >&5
configure:3834: $? = 0
configure:3843: result: yes
configure:3852: checking whether gcc accepts -g
configure:3872: gcc -c -g  conftest.c >&5
configure:3872: $? = 0
configure:3913: result: yes
configure:3930: checking for gcc option to accept ISO C89
configure:3994: gcc  -c -g -O2  conftest.c >&5
configure:3994: $? = 0
configure:4007: result: none needed
configure:4029: checking dependency style of gcc
configure:4140: result: gcc3
configure:4156: checking for library containing strerror
configure:4187: gcc -o conftest -g -O2   conftest.c  >&5
configure:4187: $? = 0
configure:4204: result: none required
configure:4260: checking for gcc
configure:4287: result: gcc
configure:4516: checking for C compiler version
configure:4525: gcc --version >&5
gcc (Ubuntu/Linaro 4.6.3-1ubuntu5) 4.6.3
Copyright (C) 2011 Free Software Foundation, Inc.
This is free software; see the source for copying conditions.  There is NO
warranty; not even for MERCHANTABILITY or FITNESS FOR A PARTICULAR PURPOSE.

configure:4536: $? = 0
configure:4525: gcc -v >&5
Using built-in specs.
COLLECT_GCC=gcc
COLLECT_LTO_WRAPPER=/usr/lib/gcc/x86_64-linux-gnu/4.6/lto-wrapper
Target: x86_64-linux-gnu
Configured with: ../src/configure -v --with-pkgversion='Ubuntu/Linaro 4.6.3-1ubuntu5' --with-bugurl=file:///usr/share/doc/gcc-4.6/README.Bugs --enable-languages=c,c++,fortran,objc,obj-c++ --prefix=/usr --program-suffix=-4.6 --enable-shared --enable-linker-build-id --with-system-zlib --libexecdir=/usr/lib --without-included-gettext --enable-threads=posix --with-gxx-include-dir=/usr/include/c++/4.6 --libdir=/usr/lib --enable-nls --with-sysroot=/ --enable-clocale=gnu --enable-libstdcxx-debug --enable-libstdcxx-time=yes --enable-gnu-unique-object --enable-plugin --enable-objc-gc --disable-werror --with-arch-32=i686 --with-tune=generic --enable-checking=release --build=x86_64-linux-gnu --host=x86_64-linux-gnu --target=x86_64-linux-gnu
Thread model: posix
gcc version 4.6.3 (Ubuntu/Linaro 4.6.3-1ubuntu5) 
configure:4536: $? = 0
configure:4525: gcc -V >&5
gcc: error: unrecognized option '-V'
gcc: fatal error: no input files
compilation terminated.
configure:4536: $? = 4
configure:4525: gcc -qversion >&5
gcc: error: unrecognized option '-qversion'
gcc: fatal error: no input files
compilation terminated.
configure:4536: $? = 4
configure:4540: checking whether we are using the GNU C compiler
configure:4568: result: yes
configure:4577: checking whether gcc accepts -g
configure:4638: result: yes
configure:4655: checking for gcc option to accept ISO C89
configure:4732: result: none needed
configure:4754: checking dependency style of gcc
configure:4865: result: gcc3
configure:4938: checking for g++
configure:4954: found /usr/bin/g++
configure:4965: result: g++
configure:4992: checking for C++ compiler version
configure:5001: g++ --version >&5
g++ (Ubuntu/Linaro 4.6.3-1ubuntu5) 4.6.3
Copyright (C) 2011 Free Software Foundation, Inc.
This is free software; see the source for copying conditions.  There is NO
warranty; not even for MERCHANTABILITY or FITNESS FOR A PARTICULAR PURPOSE.

configure:5012: $? = 0
configure:5001: g++ -v >&5
Using built-in specs.
COLLECT_GCC=g++
COLLECT_LTO_WRAPPER=/usr/lib/gcc/x86_64-linux-gnu/4.6/lto-wrapper
Target: x86_64-linux-gnu
Configured with: ../src/configure -v --with-pkgversion='Ubuntu/Linaro 4.6.3-1ubuntu5' --with-bugurl=file:///usr/share/doc/gcc-4.6/README.Bugs --enable-languages=c,c++,fortran,objc,obj-c++ --prefix=/usr --program-suffix=-4.6 --enable-shared --enable-linker-build-id --with-system-zlib --libexecdir=/usr/lib --without-included-gettext --enable-threads=posix --with-gxx-include-dir=/usr/include/c++/4.6 --libdir=/usr/lib --enable-nls --with-sysroot=/ --enable-clocale=gnu --enable-libstdcxx-debug --enable-libstdcxx-time=yes --enable-gnu-unique-object --enable-plugin --enable-objc-gc --disable-werror --with-arch-32=i686 --with-tune=generic --enable-checking=release --build=x86_64-linux-gnu --host=x86_64-linux-gnu --target=x86_64-linux-gnu
Thread model: posix
gcc version 4.6.3 (Ubuntu/Linaro 4.6.3-1ubuntu5) 
configure:5012: $? = 0
configure:5001: g++ -V >&5
g++: error: unrecognized option '-V'
g++: fatal error: no input files
compilation terminated.
configure:5012: $? = 4
configure:5001: g++ -qversion >&5
g++: error: unrecognized option '-qversion'
g++: fatal error: no input files
compilation terminated.
configure:5012: $? = 4
configure:5016: checking whether we are using the GNU C++ compiler
configure:5035: g++ -c   conftest.cpp >&5
configure:5035: $? = 0
configure:5044: result: yes
configure:5053: checking whether g++ accepts -g
configure:5073: g++ -c -g  conftest.cpp >&5
configure:5073: $? = 0
configure:5114: result: yes
configure:5139: checking dependency style of g++
configure:5250: result: gcc3
configure:5270: checking how to run the C preprocessor
configure:5301: gcc -E  conftest.c
configure:5301: $? = 0
configure:5315: gcc -E  conftest.c
conftest.c:11:28: fatal error: ac_nonexistent.h: No such file or directory
compilation terminated.
configure:5315: $? = 1
configure: failed program was:
| /* confdefs.h */
| #define PACKAGE_NAME "chesslan"
| #define PACKAGE_TARNAME "chesslan"
| #define PACKAGE_VERSION "0.1"
| #define PACKAGE_STRING "chesslan 0.1"
| #define PACKAGE_BUGREPORT "http://chesslan.sf.net"
| #define PACKAGE_URL ""
| #define PACKAGE "chesslan"
| #define VERSION "0.1"
| /* end confdefs.h.  */
| #include <ac_nonexistent.h>
configure:5340: result: gcc -E
configure:5360: gcc -E  conftest.c
configure:5360: $? = 0
configure:5374: gcc -E  conftest.c
conftest.c:11:28: fatal error: ac_nonexistent.h: No such file or directory
compilation terminated.
configure:5374: $? = 1
configure: failed program was:
| /* confdefs.h */
| #define PACKAGE_NAME "chesslan"
| #define PACKAGE_TARNAME "chesslan"
| #define PACKAGE_VERSION "0.1"
| #define PACKAGE_STRING "chesslan 0.1"
| #define PACKAGE_BUGREPORT "http://chesslan.sf.net"
| #define PACKAGE_URL ""
| #define PACKAGE "chesslan"
| #define VERSION "0.1"
| /* end confdefs.h.  */
| #include <ac_nonexistent.h>
configure:5407: checking how to run the C++ preprocessor
configure:5434: g++ -E  conftest.cpp
configure:5434: $? = 0
configure:5448: g++ -E  conftest.cpp
conftest.cpp:11:28: fatal error: ac_nonexistent.h: No such file or directory
compilation terminated.
configure:5448: $? = 1
configure: failed program was:
| /* confdefs.h */
| #define PACKAGE_NAME "chesslan"
| #define PACKAGE_TARNAME "chesslan"
| #define PACKAGE_VERSION "0.1"
| #define PACKAGE_STRING "chesslan 0.1"
| #define PACKAGE_BUGREPORT "http://chesslan.sf.net"
| #define PACKAGE_URL ""
| #define PACKAGE "chesslan"
| #define VERSION "0.1"
| /* end confdefs.h.  */
| #include <ac_nonexistent.h>
configure:5473: result: g++ -E
configure:5493: g++ -E  conftest.cpp
configure:5493: $? = 0
configure:5507: g++ -E  conftest.cpp
conftest.cpp:11:28: fatal error: ac_nonexistent.h: No such file or directory
compilation terminated.
configure:5507: $? = 1
configure: failed program was:
| /* confdefs.h */
| #define PACKAGE_NAME "chesslan"
| #define PACKAGE_TARNAME "chesslan"
| #define PACKAGE_VERSION "0.1"
| #define PACKAGE_STRING "chesslan 0.1"
| #define PACKAGE_BUGREPORT "http://chesslan.sf.net"
| #define PACKAGE_URL ""
| #define PACKAGE "chesslan"
| #define VERSION "0.1"
| /* end confdefs.h.  */
| #include <ac_nonexistent.h>
configure:5583: checking for gcc
configure:5610: result: gcc
configure:5839: checking for C compiler version
configure:5848: gcc --version >&5
gcc (Ubuntu/Linaro 4.6.3-1ubuntu5) 4.6.3
Copyright (C) 2011 Free Software Foundation, Inc.
This is free software; see the source for copying conditions.  There is NO
warranty; not even for MERCHANTABILITY or FITNESS FOR A PARTICULAR PURPOSE.

configure:5859: $? = 0
configure:5848: gcc -v >&5
Using built-in specs.
COLLECT_GCC=gcc
COLLECT_LTO_WRAPPER=/usr/lib/gcc/x86_64-linux-gnu/4.6/lto-wrapper
Target: x86_64-linux-gnu
Configured with: ../src/configure -v --with-pkgversion='Ubuntu/Linaro 4.6.3-1ubuntu5' --with-bugurl=file:///usr/share/doc/gcc-4.6/README.Bugs --enable-languages=c,c++,fortran,objc,obj-c++ --prefix=/usr --program-suffix=-4.6 --enable-shared --enable-linker-build-id --with-system-zlib --libexecdir=/usr/lib --without-included-gettext --enable-threads=posix --with-gxx-include-dir=/usr/include/c++/4.6 --libdir=/usr/lib --enable-nls --with-sysroot=/ --enable-clocale=gnu --enable-libstdcxx-debug --enable-libstdcxx-time=yes --enable-gnu-unique-object --enable-plugin --enable-objc-gc --disable-werror --with-arch-32=i686 --with-tune=generic --enable-checking=release --build=x86_64-linux-gnu --host=x86_64-linux-gnu --target=x86_64-linux-gnu
Thread model: posix
gcc version 4.6.3 (Ubuntu/Linaro 4.6.3-1ubuntu5) 
configure:5859: $? = 0
configure:5848: gcc -V >&5
gcc: error: unrecognized option '-V'
gcc: fatal error: no input files
compilation terminated.
configure:5859: $? = 4
configure:5848: gcc -qversion >&5
gcc: error: unrecognized option '-qversion'
gcc: fatal error: no input files
compilation terminated.
configure:5859: $? = 4
configure:5863: checking whether we are using the GNU C compiler
configure:5891: result: yes
configure:5900: checking whether gcc accepts -g
configure:5961: result: yes
configure:5978: checking for gcc option to accept ISO C89
configure:6055: result: none needed
configure:6077: checking dependency style of gcc
configure:6188: result: gcc3
configure:6207: checking for grep that handles long lines and -e
configure:6265: result: /bin/grep
configure:6270: checking for egrep
configure:6332: result: /bin/grep -E
configure:6337: checking for ANSI C header files
configure:6357: gcc -c -g -O2  conftest.c >&5
configure:6357: $? = 0
configure:6430: gcc -o conftest -g -O2   conftest.c  >&5
configure:6430: $? = 0
configure:6430: ./conftest
configure:6430: $? = 0
configure:6441: result: yes
configure:6478: checking build system type
configure:6492: result: x86_64-unknown-linux-gnu
configure:6512: checking host system type
configure:6525: result: x86_64-unknown-linux-gnu
configure:6566: checking how to print strings
configure:6593: result: printf
configure:6614: checking for a sed that does not truncate output
configure:6678: result: /bin/sed
configure:6696: checking for fgrep
configure:6758: result: /bin/grep -F
configure:6793: checking for ld used by gcc
configure:6860: result: /usr/bin/ld
configure:6867: checking if the linker (/usr/bin/ld) is GNU ld
configure:6882: result: yes
configure:6894: checking for BSD- or MS-compatible name lister (nm)
configure:6943: result: /usr/bin/nm -B
configure:7073: checking the name lister (/usr/bin/nm -B) interface
configure:7080: gcc -c -g -O2  conftest.c >&5
configure:7083: /usr/bin/nm -B "conftest.o"
configure:7086: output
0000000000000000 B some_variable
configure:7093: result: BSD nm
configure:7096: checking whether ln -s works
configure:7100: result: yes
configure:7108: checking the maximum length of command line arguments
configure:7238: result: 1572864
configure:7255: checking whether the shell understands some XSI constructs
configure:7265: result: yes
configure:7269: checking whether the shell understands "+="
configure:7275: result: yes
configure:7310: checking how to convert x86_64-unknown-linux-gnu file names to x86_64-unknown-linux-gnu format
configure:7350: result: func_convert_file_noop
configure:7357: checking how to convert x86_64-unknown-linux-gnu file names to toolchain format
configure:7377: result: func_convert_file_noop
configure:7384: checking for /usr/bin/ld option to reload object files
configure:7391: result: -r
configure:7465: checking for objdump
configure:7481: found /usr/bin/objdump
configure:7492: result: objdump
configure:7524: checking how to recognize dependent libraries
configure:7726: result: pass_all
configure:7811: checking for dlltool
configure:7841: result: no
configure:7871: checking how to associate runtime and link libraries
configure:7898: result: printf %s\n
configure:7958: checking for ar
configure:7974: found /usr/bin/ar
configure:7985: result: ar
configure:8022: checking for archiver @FILE support
configure:8039: gcc -c -g -O2  conftest.c >&5
configure:8039: $? = 0
configure:8042: ar cru libconftest.a @conftest.lst >&5
configure:8045: $? = 0
configure:8050: ar cru libconftest.a @conftest.lst >&5
ar: conftest.o: No such file or directory
configure:8053: $? = 1
configure:8065: result: @
configure:8123: checking for strip
configure:8139: found /usr/bin/strip
configure:8150: result: strip
configure:8222: checking for ranlib
configure:8238: found /usr/bin/ranlib
configure:8249: result: ranlib
configure:8351: checking command to parse /usr/bin/nm -B output from gcc object
configure:8471: gcc -c -g -O2  conftest.c >&5
configure:8474: $? = 0
configure:8478: /usr/bin/nm -B conftest.o \| sed -n -e 's/^.*[ ]\([ABCDGIRSTW][ABCDGIRSTW]*\)[ ][ ]*\([_A-Za-z][_A-Za-z0-9]*\)$/\1 \2 \2/p' | sed '/ __gnu_lto/d' \> conftest.nm
configure:8481: $? = 0
configure:8547: gcc -o conftest -g -O2   conftest.c conftstm.o >&5
configure:8550: $? = 0
configure:8588: result: ok
configure:8625: checking for sysroot
configure:8655: result: no
configure:8732: gcc -c -g -O2  conftest.c >&5
configure:8735: $? = 0
configure:8911: checking for mt
configure:8927: found /bin/mt
configure:8938: result: mt
configure:8961: checking if mt is a manifest tool
configure:8967: mt '-?'
configure:8975: result: no
configure:9617: checking for sys/types.h
configure:9617: gcc -c -g -O2  conftest.c >&5
configure:9617: $? = 0
configure:9617: result: yes
configure:9617: checking for sys/stat.h
configure:9617: gcc -c -g -O2  conftest.c >&5
configure:9617: $? = 0
configure:9617: result: yes
configure:9617: checking for stdlib.h
configure:9617: gcc -c -g -O2  conftest.c >&5
configure:9617: $? = 0
configure:9617: result: yes
configure:9617: checking for string.h
configure:9617: gcc -c -g -O2  conftest.c >&5
configure:9617: $? = 0
configure:9617: result: yes
configure:9617: checking for memory.h
configure:9617: gcc -c -g -O2  conftest.c >&5
configure:9617: $? = 0
configure:9617: result: yes
configure:9617: checking for strings.h
configure:9617: gcc -c -g -O2  conftest.c >&5
configure:9617: $? = 0
configure:9617: result: yes
configure:9617: checking for inttypes.h
configure:9617: gcc -c -g -O2  conftest.c >&5
configure:9617: $? = 0
configure:9617: result: yes
configure:9617: checking for stdint.h
configure:9617: gcc -c -g -O2  conftest.c >&5
configure:9617: $? = 0
configure:9617: result: yes
configure:9617: checking for unistd.h
configure:9617: gcc -c -g -O2  conftest.c >&5
configure:9617: $? = 0
configure:9617: result: yes
configure:9631: checking for dlfcn.h
configure:9631: gcc -c -g -O2  conftest.c >&5
configure:9631: $? = 0
configure:9631: result: yes
configure:9848: checking for objdir
configure:9863: result: .libs
configure:10130: checking if gcc supports -fno-rtti -fno-exceptions
configure:10148: gcc -c -g -O2  -fno-rtti -fno-exceptions conftest.c >&5
cc1: warning: command line option '-fno-rtti' is valid for C++/ObjC++ but not for C [enabled by default]
configure:10152: $? = 0
configure:10165: result: no
configure:10492: checking for gcc option to produce PIC
configure:10499: result: -fPIC -DPIC
configure:10507: checking if gcc PIC flag -fPIC -DPIC works
configure:10525: gcc -c -g -O2  -fPIC -DPIC -DPIC conftest.c >&5
configure:10529: $? = 0
configure:10542: result: yes
configure:10571: checking if gcc static flag -static works
configure:10599: result: yes
configure:10614: checking if gcc supports -c -o file.o
configure:10635: gcc -c -g -O2  -o out/conftest2.o conftest.c >&5
configure:10639: $? = 0
configure:10661: result: yes
configure:10669: checking if gcc supports -c -o file.o
configure:10716: result: yes
configure:10749: checking whether the gcc linker (/usr/bin/ld -m elf_x86_64) supports shared libraries
configure:11906: result: yes
configure:11943: checking whether -lc should be explicitly linked in
configure:11951: gcc -c -g -O2  conftest.c >&5
configure:11954: $? = 0
configure:11969: gcc -shared  -fPIC -DPIC conftest.o  -v -Wl,-soname -Wl,conftest -o conftest 2\>\&1 \| /bin/grep  -lc  \>/dev/null 2\>\&1
configure:11972: $? = 0
configure:11986: result: no
configure:12146: checking dynamic linker characteristics
configure:12657: gcc -o conftest -g -O2   -Wl,-rpath -Wl,/foo conftest.c  >&5
configure:12657: $? = 0
configure:12891: result: GNU/Linux ld.so
configure:12998: checking how to hardcode library paths into programs
configure:13023: result: immediate
configure:13563: checking whether stripping libraries is possible
configure:13568: result: yes
configure:13603: checking if libtool supports shared libraries
configure:13605: result: yes
configure:13608: checking whether to build shared libraries
configure:13629: result: yes
configure:13632: checking whether to build static libraries
configure:13636: result: yes
configure:13659: checking how to run the C++ preprocessor
configure:13725: result: g++ -E
configure:13745: g++ -E  conftest.cpp
configure:13745: $? = 0
configure:13759: g++ -E  conftest.cpp
conftest.cpp:23:28: fatal error: ac_nonexistent.h: No such file or directory
compilation terminated.
configure:13759: $? = 1
configure: failed program was:
| /* confdefs.h */
| #define PACKAGE_NAME "chesslan"
| #define PACKAGE_TARNAME "chesslan"
| #define PACKAGE_VERSION "0.1"
| #define PACKAGE_STRING "chesslan 0.1"
| #define PACKAGE_BUGREPORT "http://chesslan.sf.net"
| #define PACKAGE_URL ""
| #define PACKAGE "chesslan"
| #define VERSION "0.1"
| #define STDC_HEADERS 1
| #define HAVE_SYS_TYPES_H 1
| #define HAVE_SYS_STAT_H 1
| #define HAVE_STDLIB_H 1
| #define HAVE_STRING_H 1
| #define HAVE_MEMORY_H 1
| #define HAVE_STRINGS_H 1
| #define HAVE_INTTYPES_H 1
| #define HAVE_STDINT_H 1
| #define HAVE_UNISTD_H 1
| #define HAVE_DLFCN_H 1
| #define LT_OBJDIR ".libs/"
| /* end confdefs.h.  */
| #include <ac_nonexistent.h>
configure:13928: checking for ld used by g++
configure:13995: result: /usr/bin/ld -m elf_x86_64
configure:14002: checking if the linker (/usr/bin/ld -m elf_x86_64) is GNU ld
configure:14017: result: yes
configure:14072: checking whether the g++ linker (/usr/bin/ld -m elf_x86_64) supports shared libraries
configure:15077: result: yes
configure:15113: g++ -c -g -O2  conftest.cpp >&5
configure:15116: $? = 0
configure:15636: checking for g++ option to produce PIC
configure:15643: result: -fPIC -DPIC
configure:15651: checking if g++ PIC flag -fPIC -DPIC works
configure:15669: g++ -c -g -O2  -fPIC -DPIC -DPIC conftest.cpp >&5
configure:15673: $? = 0
configure:15686: result: yes
configure:15709: checking if g++ static flag -static works
configure:15737: result: yes
configure:15749: checking if g++ supports -c -o file.o
configure:15770: g++ -c -g -O2  -o out/conftest2.o conftest.cpp >&5
configure:15774: $? = 0
configure:15796: result: yes
configure:15801: checking if g++ supports -c -o file.o
configure:15848: result: yes
configure:15878: checking whether the g++ linker (/usr/bin/ld -m elf_x86_64) supports shared libraries
configure:15917: result: yes
configure:16058: checking dynamic linker characteristics
configure:16737: result: GNU/Linux ld.so
configure:16790: checking how to hardcode library paths into programs
configure:16815: result: immediate
configure:16930: checking for pkg-config
configure:16948: found /usr/bin/pkg-config
configure:16960: result: /usr/bin/pkg-config
configure:16985: checking pkg-config is at least version 0.9.0
configure:16988: result: yes
configure:16998: checking for GTKMM
configure:17005: $PKG_CONFIG --exists --print-errors "gtkmm-2.4"
configure:17008: $? = 0
configure:17022: $PKG_CONFIG --exists --print-errors "gtkmm-2.4"
configure:17025: $? = 0
configure:17063: result: yes
configure:17080: checking whether NLS is requested
configure:17089: result: yes
configure:17130: checking for msgfmt
configure: trying /usr/bin/msgfmt...
0 translated messages.
configure:17162: result: /usr/bin/msgfmt
configure:17171: checking for gmsgfmt
configure:17202: result: /usr/bin/msgfmt
configure:17253: checking for xgettext
configure: trying /usr/bin/xgettext...
/usr/bin/xgettext: warning: file `/dev/null' extension `' is unknown; will try C
configure:17285: result: /usr/bin/xgettext
configure:17331: checking for msgmerge
configure: trying /usr/bin/msgmerge...
configure:17362: result: /usr/bin/msgmerge
configure:17380: checking whether we are using the GNU C Library 2 or newer
configure:17407: result: yes
configure:17456: checking for ranlib
configure:17483: result: ranlib
configure:17510: checking whether the -Werror option is usable
configure:17529: gcc -c -g -O2 -Werror  conftest.c >&5
configure:17529: $? = 0
configure:17538: result: yes
configure:17540: checking for simple visibility declarations
configure:17566: gcc -c -g -O2 -fvisibility=hidden -Werror  conftest.c >&5
configure:17566: $? = 0
configure:17575: result: yes
configure:17590: checking for inline
configure:17606: gcc -c -g -O2  conftest.c >&5
configure:17606: $? = 0
configure:17614: result: inline
configure:17632: checking for size_t
configure:17632: gcc -c -g -O2  conftest.c >&5
configure:17632: $? = 0
configure:17632: gcc -c -g -O2  conftest.c >&5
conftest.c: In function 'main':
conftest.c:61:21: error: expected expression before ')' token
configure:17632: $? = 1
configure: failed program was:
| /* confdefs.h */
| #define PACKAGE_NAME "chesslan"
| #define PACKAGE_TARNAME "chesslan"
| #define PACKAGE_VERSION "0.1"
| #define PACKAGE_STRING "chesslan 0.1"
| #define PACKAGE_BUGREPORT "http://chesslan.sf.net"
| #define PACKAGE_URL ""
| #define PACKAGE "chesslan"
| #define VERSION "0.1"
| #define STDC_HEADERS 1
| #define HAVE_SYS_TYPES_H 1
| #define HAVE_SYS_STAT_H 1
| #define HAVE_STDLIB_H 1
| #define HAVE_STRING_H 1
| #define HAVE_MEMORY_H 1
| #define HAVE_STRINGS_H 1
| #define HAVE_INTTYPES_H 1
| #define HAVE_STDINT_H 1
| #define HAVE_UNISTD_H 1
| #define HAVE_DLFCN_H 1
| #define LT_OBJDIR ".libs/"
| #define GETTEXT_PACKAGE "chesslan"
| #define HAVE_VISIBILITY 1
| /* end confdefs.h.  */
| #include <stdio.h>
| #ifdef HAVE_SYS_TYPES_H
| # include <sys/types.h>
| #endif
| #ifdef HAVE_SYS_STAT_H
| # include <sys/stat.h>
| #endif
| #ifdef STDC_HEADERS
| # include <stdlib.h>
| # include <stddef.h>
| #else
| # ifdef HAVE_STDLIB_H
| #  include <stdlib.h>
| # endif
| #endif
| #ifdef HAVE_STRING_H
| # if !defined STDC_HEADERS && defined HAVE_MEMORY_H
| #  include <memory.h>
| # endif
| # include <string.h>
| #endif
| #ifdef HAVE_STRINGS_H
| # include <strings.h>
| #endif
| #ifdef HAVE_INTTYPES_H
| # include <inttypes.h>
| #endif
| #ifdef HAVE_STDINT_H
| # include <stdint.h>
| #endif
| #ifdef HAVE_UNISTD_H
| # include <unistd.h>
| #endif
| int
| main ()
| {
| if (sizeof ((size_t)))
| 	    return 0;
|   ;
|   return 0;
| }
configure:17632: result: yes
configure:17644: checking for stdint.h
configure:17661: gcc -c -g -O2  conftest.c >&5
configure:17661: $? = 0
configure:17668: result: yes
configure:17680: checking for working alloca.h
configure:17697: gcc -o conftest -g -O2   conftest.c  >&5
configure:17697: $? = 0
configure:17705: result: yes
configure:17713: checking for alloca
configure:17750: gcc -o conftest -g -O2   conftest.c  >&5
configure:17750: $? = 0
configure:17758: result: yes
configure:17873: checking for stdlib.h
configure:17873: result: yes
configure:17873: checking for unistd.h
configure:17873: result: yes
configure:17873: checking for sys/param.h
configure:17873: gcc -c -g -O2  conftest.c >&5
configure:17873: $? = 0
configure:17873: result: yes
configure:17893: checking for getpagesize
configure:17893: gcc -o conftest -g -O2   conftest.c  >&5
configure:17893: $? = 0
configure:17893: result: yes
configure:17902: checking for working mmap
configure:18049: gcc -o conftest -g -O2   conftest.c  >&5
configure:18049: $? = 0
configure:18049: ./conftest
configure:18049: $? = 0
configure:18059: result: yes
configure:18070: checking whether integer division by zero raises SIGFPE
configure:18136: gcc -o conftest -g -O2   conftest.c  >&5
conftest.c:47:5: warning: built-in function 'nan' declared as non-function [enabled by default]
configure:18136: $? = 0
configure:18136: ./conftest
configure:18136: $? = 0
configure:18148: result: yes
configure:18161: checking for inttypes.h
configure:18178: gcc -c -g -O2  conftest.c >&5
configure:18178: $? = 0
configure:18185: result: yes
configure:18196: checking for unsigned long long int
configure:18233: gcc -o conftest -g -O2   conftest.c  >&5
configure:18233: $? = 0
configure:18241: result: yes
configure:18271: checking for inttypes.h
configure:18271: result: yes
configure:18282: checking whether the inttypes.h PRIxNN macros are broken
configure:18303: gcc -c -g -O2  conftest.c >&5
configure:18303: $? = 0
configure:18311: result: no
configure:18327: checking minix/config.h usability
configure:18327: gcc -c -g -O2  conftest.c >&5
conftest.c:71:26: fatal error: minix/config.h: No such file or directory
compilation terminated.
configure:18327: $? = 1
configure: failed program was:
| /* confdefs.h */
| #define PACKAGE_NAME "chesslan"
| #define PACKAGE_TARNAME "chesslan"
| #define PACKAGE_VERSION "0.1"
| #define PACKAGE_STRING "chesslan 0.1"
| #define PACKAGE_BUGREPORT "http://chesslan.sf.net"
| #define PACKAGE_URL ""
| #define PACKAGE "chesslan"
| #define VERSION "0.1"
| #define STDC_HEADERS 1
| #define HAVE_SYS_TYPES_H 1
| #define HAVE_SYS_STAT_H 1
| #define HAVE_STDLIB_H 1
| #define HAVE_STRING_H 1
| #define HAVE_MEMORY_H 1
| #define HAVE_STRINGS_H 1
| #define HAVE_INTTYPES_H 1
| #define HAVE_STDINT_H 1
| #define HAVE_UNISTD_H 1
| #define HAVE_DLFCN_H 1
| #define LT_OBJDIR ".libs/"
| #define GETTEXT_PACKAGE "chesslan"
| #define HAVE_VISIBILITY 1
| #define HAVE_STDINT_H_WITH_UINTMAX 1
| #define HAVE_ALLOCA_H 1
| #define HAVE_ALLOCA 1
| #define HAVE_STDLIB_H 1
| #define HAVE_UNISTD_H 1
| #define HAVE_SYS_PARAM_H 1
| #define HAVE_GETPAGESIZE 1
| #define HAVE_MMAP 1
| #define INTDIV0_RAISES_SIGFPE 1
| #define HAVE_INTTYPES_H_WITH_UINTMAX 1
| #define HAVE_UNSIGNED_LONG_LONG_INT 1
| #define HAVE_UINTMAX_T 1
| #define HAVE_INTTYPES_H 1
| /* end confdefs.h.  */
| #include <stdio.h>
| #ifdef HAVE_SYS_TYPES_H
| # include <sys/types.h>
| #endif
| #ifdef HAVE_SYS_STAT_H
| # include <sys/stat.h>
| #endif
| #ifdef STDC_HEADERS
| # include <stdlib.h>
| # include <stddef.h>
| #else
| # ifdef HAVE_STDLIB_H
| #  include <stdlib.h>
| # endif
| #endif
| #ifdef HAVE_STRING_H
| # if !defined STDC_HEADERS && defined HAVE_MEMORY_H
| #  include <memory.h>
| # endif
| # include <string.h>
| #endif
| #ifdef HAVE_STRINGS_H
| # include <strings.h>
| #endif
| #ifdef HAVE_INTTYPES_H
| # include <inttypes.h>
| #endif
| #ifdef HAVE_STDINT_H
| # include <stdint.h>
| #endif
| #ifdef HAVE_UNISTD_H
| # include <unistd.h>
| #endif
| #include <minix/config.h>
configure:18327: result: no
configure:18327: checking minix/config.h presence
configure:18327: gcc -E  conftest.c
conftest.c:38:26: fatal error: minix/config.h: No such file or directory
compilation terminated.
configure:18327: $? = 1
configure: failed program was:
| /* confdefs.h */
| #define PACKAGE_NAME "chesslan"
| #define PACKAGE_TARNAME "chesslan"
| #define PACKAGE_VERSION "0.1"
| #define PACKAGE_STRING "chesslan 0.1"
| #define PACKAGE_BUGREPORT "http://chesslan.sf.net"
| #define PACKAGE_URL ""
| #define PACKAGE "chesslan"
| #define VERSION "0.1"
| #define STDC_HEADERS 1
| #define HAVE_SYS_TYPES_H 1
| #define HAVE_SYS_STAT_H 1
| #define HAVE_STDLIB_H 1
| #define HAVE_STRING_H 1
| #define HAVE_MEMORY_H 1
| #define HAVE_STRINGS_H 1
| #define HAVE_INTTYPES_H 1
| #define HAVE_STDINT_H 1
| #define HAVE_UNISTD_H 1
| #define HAVE_DLFCN_H 1
| #define LT_OBJDIR ".libs/"
| #define GETTEXT_PACKAGE "chesslan"
| #define HAVE_VISIBILITY 1
| #define HAVE_STDINT_H_WITH_UINTMAX 1
| #define HAVE_ALLOCA_H 1
| #define HAVE_ALLOCA 1
| #define HAVE_STDLIB_H 1
| #define HAVE_UNISTD_H 1
| #define HAVE_SYS_PARAM_H 1
| #define HAVE_GETPAGESIZE 1
| #define HAVE_MMAP 1
| #define INTDIV0_RAISES_SIGFPE 1
| #define HAVE_INTTYPES_H_WITH_UINTMAX 1
| #define HAVE_UNSIGNED_LONG_LONG_INT 1
| #define HAVE_UINTMAX_T 1
| #define HAVE_INTTYPES_H 1
| /* end confdefs.h.  */
| #include <minix/config.h>
configure:18327: result: no
configure:18327: checking for minix/config.h
configure:18327: result: no
configure:18348: checking whether it is safe to define __EXTENSIONS__
configure:18366: gcc -c -g -O2  conftest.c >&5
configure:18366: $? = 0
configure:18373: result: yes
configure:18478: checking for ld used by GCC
configure:18542: result: /usr/bin/ld -m elf_x86_64
configure:18549: checking if the linker (/usr/bin/ld -m elf_x86_64) is GNU ld
configure:18562: result: yes
configure:18569: checking for shared library run path origin
configure:18582: result: done
configure:18672: checking whether imported symbols can be declared weak
configure:18690: gcc -o conftest -g -O2   conftest.c  >&5
configure:18690: $? = 0
configure:18724: gcc -o conftest -g -O2   conftest.c  >&5
configure:18724: $? = 0
configure:18724: ./conftest
configure:18724: $? = 0
configure:18736: result: yes
configure:18741: checking pthread.h usability
configure:18741: gcc -c -g -O2  conftest.c >&5
configure:18741: $? = 0
configure:18741: result: yes
configure:18741: checking pthread.h presence
configure:18741: gcc -E  conftest.c
configure:18741: $? = 0
configure:18741: result: yes
configure:18741: checking for pthread.h
configure:18741: result: yes
configure:18769: gcc -o conftest -g -O2   conftest.c  >&5
/tmp/ccPfkQEn.o: In function `main':
/home/huyphung/Workspaces/NP/chesslan-code/conftest.c:48: undefined reference to `pthread_mutexattr_init'
collect2: ld returned 1 exit status
configure:18769: $? = 1
configure: failed program was:
| /* confdefs.h */
| #define PACKAGE_NAME "chesslan"
| #define PACKAGE_TARNAME "chesslan"
| #define PACKAGE_VERSION "0.1"
| #define PACKAGE_STRING "chesslan 0.1"
| #define PACKAGE_BUGREPORT "http://chesslan.sf.net"
| #define PACKAGE_URL ""
| #define PACKAGE "chesslan"
| #define VERSION "0.1"
| #define STDC_HEADERS 1
| #define HAVE_SYS_TYPES_H 1
| #define HAVE_SYS_STAT_H 1
| #define HAVE_STDLIB_H 1
| #define HAVE_STRING_H 1
| #define HAVE_MEMORY_H 1
| #define HAVE_STRINGS_H 1
| #define HAVE_INTTYPES_H 1
| #define HAVE_STDINT_H 1
| #define HAVE_UNISTD_H 1
| #define HAVE_DLFCN_H 1
| #define LT_OBJDIR ".libs/"
| #define GETTEXT_PACKAGE "chesslan"
| #define HAVE_VISIBILITY 1
| #define HAVE_STDINT_H_WITH_UINTMAX 1
| #define HAVE_ALLOCA_H 1
| #define HAVE_ALLOCA 1
| #define HAVE_STDLIB_H 1
| #define HAVE_UNISTD_H 1
| #define HAVE_SYS_PARAM_H 1
| #define HAVE_GETPAGESIZE 1
| #define HAVE_MMAP 1
| #define INTDIV0_RAISES_SIGFPE 1
| #define HAVE_INTTYPES_H_WITH_UINTMAX 1
| #define HAVE_UNSIGNED_LONG_LONG_INT 1
| #define HAVE_UINTMAX_T 1
| #define HAVE_INTTYPES_H 1
| #define __EXTENSIONS__ 1
| #define _ALL_SOURCE 1
| #define _GNU_SOURCE 1
| #define _POSIX_PTHREAD_SEMANTICS 1
| #define _TANDEM_SOURCE 1
| /* end confdefs.h.  */
| #include <pthread.h>
| int
| main ()
| {
| pthread_mutex_lock((pthread_mutex_t*)0);
|            pthread_mutexattr_init((pthread_mutexattr_t*)0);
|   ;
|   return 0;
| }
configure:18832: checking for pthread_kill in -lpthread
configure:18857: gcc -o conftest -g -O2   conftest.c -lpthread   >&5
configure:18857: $? = 0
configure:18866: result: yes
configure:19552: checking for multithread API to use
configure:19554: result: posix
configure:19570: checking for pthread_rwlock_t
configure:19570: gcc -c -g -O2  conftest.c >&5
configure:19570: $? = 0
configure:19570: gcc -c -g -O2  conftest.c >&5
conftest.c: In function 'main':
conftest.c:50:31: error: expected expression before ')' token
configure:19570: $? = 1
configure: failed program was:
| /* confdefs.h */
| #define PACKAGE_NAME "chesslan"
| #define PACKAGE_TARNAME "chesslan"
| #define PACKAGE_VERSION "0.1"
| #define PACKAGE_STRING "chesslan 0.1"
| #define PACKAGE_BUGREPORT "http://chesslan.sf.net"
| #define PACKAGE_URL ""
| #define PACKAGE "chesslan"
| #define VERSION "0.1"
| #define STDC_HEADERS 1
| #define HAVE_SYS_TYPES_H 1
| #define HAVE_SYS_STAT_H 1
| #define HAVE_STDLIB_H 1
| #define HAVE_STRING_H 1
| #define HAVE_MEMORY_H 1
| #define HAVE_STRINGS_H 1
| #define HAVE_INTTYPES_H 1
| #define HAVE_STDINT_H 1
| #define HAVE_UNISTD_H 1
| #define HAVE_DLFCN_H 1
| #define LT_OBJDIR ".libs/"
| #define GETTEXT_PACKAGE "chesslan"
| #define HAVE_VISIBILITY 1
| #define HAVE_STDINT_H_WITH_UINTMAX 1
| #define HAVE_ALLOCA_H 1
| #define HAVE_ALLOCA 1
| #define HAVE_STDLIB_H 1
| #define HAVE_UNISTD_H 1
| #define HAVE_SYS_PARAM_H 1
| #define HAVE_GETPAGESIZE 1
| #define HAVE_MMAP 1
| #define INTDIV0_RAISES_SIGFPE 1
| #define HAVE_INTTYPES_H_WITH_UINTMAX 1
| #define HAVE_UNSIGNED_LONG_LONG_INT 1
| #define HAVE_UINTMAX_T 1
| #define HAVE_INTTYPES_H 1
| #define __EXTENSIONS__ 1
| #define _ALL_SOURCE 1
| #define _GNU_SOURCE 1
| #define _POSIX_PTHREAD_SEMANTICS 1
| #define _TANDEM_SOURCE 1
| #define USE_POSIX_THREADS 1
| #define USE_POSIX_THREADS_WEAK 1
| /* end confdefs.h.  */
| #include <pthread.h>
| 
| int
| main ()
| {
| if (sizeof ((pthread_rwlock_t)))
| 	    return 0;
|   ;
|   return 0;
| }
configure:19570: result: yes
configure:19595: gcc -c -g -O2  conftest.c >&5
configure:19595: $? = 0
configure:20102: checking for iconv
configure:20124: gcc -o conftest -g -O2   conftest.c  >&5
configure:20124: $? = 0
configure:20156: result: yes
configure:20159: checking for working iconv
configure:20254: gcc -o conftest -g -O2   conftest.c  >&5
configure:20254: $? = 0
configure:20254: ./conftest
configure:20254: $? = 0
configure:20266: result: yes
configure:20294: checking for iconv declaration
configure:20323: gcc -c -g -O2  conftest.c >&5
configure:20323: $? = 0
configure:20334: result:
         extern size_t iconv (iconv_t cd, char * *inbuf, size_t *inbytesleft, char * *outbuf, size_t *outbytesleft);
configure:20358: gcc -o conftest -g -O2   conftest.c  >&5
configure:20358: $? = 0
configure:20369: checking argz.h usability
configure:20369: gcc -c -g -O2  conftest.c >&5
configure:20369: $? = 0
configure:20369: result: yes
configure:20369: checking argz.h presence
configure:20369: gcc -E  conftest.c
configure:20369: $? = 0
configure:20369: result: yes
configure:20369: checking for argz.h
configure:20369: result: yes
configure:20369: checking for inttypes.h
configure:20369: result: yes
configure:20369: checking limits.h usability
configure:20369: gcc -c -g -O2  conftest.c >&5
configure:20369: $? = 0
configure:20369: result: yes
configure:20369: checking limits.h presence
configure:20369: gcc -E  conftest.c
configure:20369: $? = 0
configure:20369: result: yes
configure:20369: checking for limits.h
configure:20369: result: yes
configure:20369: checking for unistd.h
configure:20369: result: yes
configure:20369: checking for sys/param.h
configure:20369: result: yes
configure:20384: checking for getcwd
configure:20384: gcc -o conftest -g -O2   conftest.c  >&5
configure:20384: $? = 0
configure:20384: result: yes
configure:20384: checking for getegid
configure:20384: gcc -o conftest -g -O2   conftest.c  >&5
configure:20384: $? = 0
configure:20384: result: yes
configure:20384: checking for geteuid
configure:20384: gcc -o conftest -g -O2   conftest.c  >&5
configure:20384: $? = 0
configure:20384: result: yes
configure:20384: checking for getgid
configure:20384: gcc -o conftest -g -O2   conftest.c  >&5
configure:20384: $? = 0
configure:20384: result: yes
configure:20384: checking for getuid
configure:20384: gcc -o conftest -g -O2   conftest.c  >&5
configure:20384: $? = 0
configure:20384: result: yes
configure:20384: checking for mempcpy
configure:20384: gcc -o conftest -g -O2   conftest.c  >&5
conftest.c:83:6: warning: conflicting types for built-in function 'mempcpy' [enabled by default]
configure:20384: $? = 0
configure:20384: result: yes
configure:20384: checking for munmap
configure:20384: gcc -o conftest -g -O2   conftest.c  >&5
configure:20384: $? = 0
configure:20384: result: yes
configure:20384: checking for stpcpy
configure:20384: gcc -o conftest -g -O2   conftest.c  >&5
conftest.c:85:6: warning: conflicting types for built-in function 'stpcpy' [enabled by default]
configure:20384: $? = 0
configure:20384: result: yes
configure:20384: checking for strcasecmp
configure:20384: gcc -o conftest -g -O2   conftest.c  >&5
conftest.c:86:6: warning: conflicting types for built-in function 'strcasecmp' [enabled by default]
configure:20384: $? = 0
configure:20384: result: yes
configure:20384: checking for strdup
configure:20384: gcc -o conftest -g -O2   conftest.c  >&5
conftest.c:87:6: warning: conflicting types for built-in function 'strdup' [enabled by default]
configure:20384: $? = 0
configure:20384: result: yes
configure:20384: checking for strtoul
configure:20384: gcc -o conftest -g -O2   conftest.c  >&5
configure:20384: $? = 0
configure:20384: result: yes
configure:20384: checking for tsearch
configure:20384: gcc -o conftest -g -O2   conftest.c  >&5
configure:20384: $? = 0
configure:20384: result: yes
configure:20384: checking for uselocale
configure:20384: gcc -o conftest -g -O2   conftest.c  >&5
configure:20384: $? = 0
configure:20384: result: yes
configure:20384: checking for argz_count
configure:20384: gcc -o conftest -g -O2   conftest.c  >&5
configure:20384: $? = 0
configure:20384: result: yes
configure:20384: checking for argz_stringify
configure:20384: gcc -o conftest -g -O2   conftest.c  >&5
configure:20384: $? = 0
configure:20384: result: yes
configure:20384: checking for argz_next
configure:20384: gcc -o conftest -g -O2   conftest.c  >&5
configure:20384: $? = 0
configure:20384: result: yes
configure:20384: checking for __fsetlocking
configure:20384: gcc -o conftest -g -O2   conftest.c  >&5
configure:20384: $? = 0
configure:20384: result: yes
configure:20395: checking whether feof_unlocked is declared
configure:20415: gcc -c -g -O2  conftest.c >&5
configure:20415: $? = 0
configure:20422: result: yes
configure:20436: checking whether fgets_unlocked is declared
configure:20456: gcc -c -g -O2  conftest.c >&5
configure:20456: $? = 0
configure:20463: result: yes
configure:20483: checking for bison
configure:20513: result: no
configure:20541: checking for long long int
configure:20578: gcc -o conftest -g -O2   conftest.c  >&5
configure:20578: $? = 0
configure:20608: gcc -o conftest -g -O2   conftest.c  >&5
configure:20608: $? = 0
configure:20608: ./conftest
configure:20608: $? = 0
configure:20623: result: yes
configure:20632: checking for wchar_t
configure:20649: gcc -c -g -O2  conftest.c >&5
configure:20649: $? = 0
configure:20656: result: yes
configure:20665: checking for wint_t
configure:20690: gcc -c -g -O2  conftest.c >&5
configure:20690: $? = 0
configure:20697: result: yes
configure:20708: checking for intmax_t
configure:20734: gcc -c -g -O2  conftest.c >&5
configure:20734: $? = 0
configure:20741: result: yes
configure:20751: checking whether printf() supports POSIX/XSI format strings
configure:20792: gcc -o conftest -g -O2   conftest.c  >&5
configure:20792: $? = 0
configure:20792: ./conftest
configure:20792: $? = 0
configure:20803: result: yes
configure:20814: checking whether we are using the GNU C Library 2.1 or newer
configure:20841: result: yes
configure:20850: checking for stdint.h
configure:20850: result: yes
configure:20860: checking for SIZE_MAX
configure:20931: result: yes
configure:20947: checking for stdint.h
configure:20947: result: yes
configure:20960: checking for working fcntl.h
configure:21017: gcc -o conftest -g -O2   conftest.c  >&5
configure:21017: $? = 0
configure:21017: ./conftest
configure:21017: $? = 0
configure:21032: result: yes
configure:21056: checking for CFPreferencesCopyAppValue
configure:21074: gcc -o conftest -g -O2   conftest.c  -Wl,-framework -Wl,CoreFoundation >&5
conftest.c:83:42: fatal error: CoreFoundation/CFPreferences.h: No such file or directory
compilation terminated.
configure:21074: $? = 1
configure: failed program was:
| /* confdefs.h */
| #define PACKAGE_NAME "chesslan"
| #define PACKAGE_TARNAME "chesslan"
| #define PACKAGE_VERSION "0.1"
| #define PACKAGE_STRING "chesslan 0.1"
| #define PACKAGE_BUGREPORT "http://chesslan.sf.net"
| #define PACKAGE_URL ""
| #define PACKAGE "chesslan"
| #define VERSION "0.1"
| #define STDC_HEADERS 1
| #define HAVE_SYS_TYPES_H 1
| #define HAVE_SYS_STAT_H 1
| #define HAVE_STDLIB_H 1
| #define HAVE_STRING_H 1
| #define HAVE_MEMORY_H 1
| #define HAVE_STRINGS_H 1
| #define HAVE_INTTYPES_H 1
| #define HAVE_STDINT_H 1
| #define HAVE_UNISTD_H 1
| #define HAVE_DLFCN_H 1
| #define LT_OBJDIR ".libs/"
| #define GETTEXT_PACKAGE "chesslan"
| #define HAVE_VISIBILITY 1
| #define HAVE_STDINT_H_WITH_UINTMAX 1
| #define HAVE_ALLOCA_H 1
| #define HAVE_ALLOCA 1
| #define HAVE_STDLIB_H 1
| #define HAVE_UNISTD_H 1
| #define HAVE_SYS_PARAM_H 1
| #define HAVE_GETPAGESIZE 1
| #define HAVE_MMAP 1
| #define INTDIV0_RAISES_SIGFPE 1
| #define HAVE_INTTYPES_H_WITH_UINTMAX 1
| #define HAVE_UNSIGNED_LONG_LONG_INT 1
| #define HAVE_UINTMAX_T 1
| #define HAVE_INTTYPES_H 1
| #define __EXTENSIONS__ 1
| #define _ALL_SOURCE 1
| #define _GNU_SOURCE 1
| #define _POSIX_PTHREAD_SEMANTICS 1
| #define _TANDEM_SOURCE 1
| #define USE_POSIX_THREADS 1
| #define USE_POSIX_THREADS_WEAK 1
| #define HAVE_PTHREAD_RWLOCK 1
| #define HAVE_PTHREAD_MUTEX_RECURSIVE 1
| #define HAVE_ICONV 1
| #define ICONV_CONST 
| #define HAVE_BUILTIN_EXPECT 1
| #define HAVE_ARGZ_H 1
| #define HAVE_INTTYPES_H 1
| #define HAVE_LIMITS_H 1
| #define HAVE_UNISTD_H 1
| #define HAVE_SYS_PARAM_H 1
| #define HAVE_GETCWD 1
| #define HAVE_GETEGID 1
| #define HAVE_GETEUID 1
| #define HAVE_GETGID 1
| #define HAVE_GETUID 1
| #define HAVE_MEMPCPY 1
| #define HAVE_MUNMAP 1
| #define HAVE_STPCPY 1
| #define HAVE_STRCASECMP 1
| #define HAVE_STRDUP 1
| #define HAVE_STRTOUL 1
| #define HAVE_TSEARCH 1
| #define HAVE_USELOCALE 1
| #define HAVE_ARGZ_COUNT 1
| #define HAVE_ARGZ_STRINGIFY 1
| #define HAVE_ARGZ_NEXT 1
| #define HAVE___FSETLOCKING 1
| #define HAVE_DECL_FEOF_UNLOCKED 1
| #define HAVE_DECL_FGETS_UNLOCKED 1
| #define HAVE_LONG_LONG_INT 1
| #define HAVE_WCHAR_T 1
| #define HAVE_WINT_T 1
| #define HAVE_INTMAX_T 1
| #define HAVE_POSIX_PRINTF 1
| #define HAVE_STDINT_H 1
| #define HAVE_STDINT_H 1
| #define HAVE_WORKING_O_NOATIME 1
| #define HAVE_WORKING_O_NOFOLLOW 1
| /* end confdefs.h.  */
| #include <CoreFoundation/CFPreferences.h>
| int
| main ()
| {
| CFPreferencesCopyAppValue(NULL, NULL)
|   ;
|   return 0;
| }
configure:21083: result: no
configure:21090: checking for CFLocaleCopyCurrent
configure:21108: gcc -o conftest -g -O2   conftest.c  -Wl,-framework -Wl,CoreFoundation >&5
conftest.c:83:37: fatal error: CoreFoundation/CFLocale.h: No such file or directory
compilation terminated.
configure:21108: $? = 1
configure: failed program was:
| /* confdefs.h */
| #define PACKAGE_NAME "chesslan"
| #define PACKAGE_TARNAME "chesslan"
| #define PACKAGE_VERSION "0.1"
| #define PACKAGE_STRING "chesslan 0.1"
| #define PACKAGE_BUGREPORT "http://chesslan.sf.net"
| #define PACKAGE_URL ""
| #define PACKAGE "chesslan"
| #define VERSION "0.1"
| #define STDC_HEADERS 1
| #define HAVE_SYS_TYPES_H 1
| #define HAVE_SYS_STAT_H 1
| #define HAVE_STDLIB_H 1
| #define HAVE_STRING_H 1
| #define HAVE_MEMORY_H 1
| #define HAVE_STRINGS_H 1
| #define HAVE_INTTYPES_H 1
| #define HAVE_STDINT_H 1
| #define HAVE_UNISTD_H 1
| #define HAVE_DLFCN_H 1
| #define LT_OBJDIR ".libs/"
| #define GETTEXT_PACKAGE "chesslan"
| #define HAVE_VISIBILITY 1
| #define HAVE_STDINT_H_WITH_UINTMAX 1
| #define HAVE_ALLOCA_H 1
| #define HAVE_ALLOCA 1
| #define HAVE_STDLIB_H 1
| #define HAVE_UNISTD_H 1
| #define HAVE_SYS_PARAM_H 1
| #define HAVE_GETPAGESIZE 1
| #define HAVE_MMAP 1
| #define INTDIV0_RAISES_SIGFPE 1
| #define HAVE_INTTYPES_H_WITH_UINTMAX 1
| #define HAVE_UNSIGNED_LONG_LONG_INT 1
| #define HAVE_UINTMAX_T 1
| #define HAVE_INTTYPES_H 1
| #define __EXTENSIONS__ 1
| #define _ALL_SOURCE 1
| #define _GNU_SOURCE 1
| #define _POSIX_PTHREAD_SEMANTICS 1
| #define _TANDEM_SOURCE 1
| #define USE_POSIX_THREADS 1
| #define USE_POSIX_THREADS_WEAK 1
| #define HAVE_PTHREAD_RWLOCK 1
| #define HAVE_PTHREAD_MUTEX_RECURSIVE 1
| #define HAVE_ICONV 1
| #define ICONV_CONST 
| #define HAVE_BUILTIN_EXPECT 1
| #define HAVE_ARGZ_H 1
| #define HAVE_INTTYPES_H 1
| #define HAVE_LIMITS_H 1
| #define HAVE_UNISTD_H 1
| #define HAVE_SYS_PARAM_H 1
| #define HAVE_GETCWD 1
| #define HAVE_GETEGID 1
| #define HAVE_GETEUID 1
| #define HAVE_GETGID 1
| #define HAVE_GETUID 1
| #define HAVE_MEMPCPY 1
| #define HAVE_MUNMAP 1
| #define HAVE_STPCPY 1
| #define HAVE_STRCASECMP 1
| #define HAVE_STRDUP 1
| #define HAVE_STRTOUL 1
| #define HAVE_TSEARCH 1
| #define HAVE_USELOCALE 1
| #define HAVE_ARGZ_COUNT 1
| #define HAVE_ARGZ_STRINGIFY 1
| #define HAVE_ARGZ_NEXT 1
| #define HAVE___FSETLOCKING 1
| #define HAVE_DECL_FEOF_UNLOCKED 1
| #define HAVE_DECL_FGETS_UNLOCKED 1
| #define HAVE_LONG_LONG_INT 1
| #define HAVE_WCHAR_T 1
| #define HAVE_WINT_T 1
| #define HAVE_INTMAX_T 1
| #define HAVE_POSIX_PRINTF 1
| #define HAVE_STDINT_H 1
| #define HAVE_STDINT_H 1
| #define HAVE_WORKING_O_NOATIME 1
| #define HAVE_WORKING_O_NOFOLLOW 1
| /* end confdefs.h.  */
| #include <CoreFoundation/CFLocale.h>
| int
| main ()
| {
| CFLocaleCopyCurrent();
|   ;
|   return 0;
| }
configure:21117: result: no
configure:21142: checking for ptrdiff_t
configure:21142: gcc -c -g -O2  conftest.c >&5
configure:21142: $? = 0
configure:21142: gcc -c -g -O2  conftest.c >&5
conftest.c: In function 'main':
conftest.c:119:24: error: expected expression before ')' token
configure:21142: $? = 1
configure: failed program was:
| /* confdefs.h */
| #define PACKAGE_NAME "chesslan"
| #define PACKAGE_TARNAME "chesslan"
| #define PACKAGE_VERSION "0.1"
| #define PACKAGE_STRING "chesslan 0.1"
| #define PACKAGE_BUGREPORT "http://chesslan.sf.net"
| #define PACKAGE_URL ""
| #define PACKAGE "chesslan"
| #define VERSION "0.1"
| #define STDC_HEADERS 1
| #define HAVE_SYS_TYPES_H 1
| #define HAVE_SYS_STAT_H 1
| #define HAVE_STDLIB_H 1
| #define HAVE_STRING_H 1
| #define HAVE_MEMORY_H 1
| #define HAVE_STRINGS_H 1
| #define HAVE_INTTYPES_H 1
| #define HAVE_STDINT_H 1
| #define HAVE_UNISTD_H 1
| #define HAVE_DLFCN_H 1
| #define LT_OBJDIR ".libs/"
| #define GETTEXT_PACKAGE "chesslan"
| #define HAVE_VISIBILITY 1
| #define HAVE_STDINT_H_WITH_UINTMAX 1
| #define HAVE_ALLOCA_H 1
| #define HAVE_ALLOCA 1
| #define HAVE_STDLIB_H 1
| #define HAVE_UNISTD_H 1
| #define HAVE_SYS_PARAM_H 1
| #define HAVE_GETPAGESIZE 1
| #define HAVE_MMAP 1
| #define INTDIV0_RAISES_SIGFPE 1
| #define HAVE_INTTYPES_H_WITH_UINTMAX 1
| #define HAVE_UNSIGNED_LONG_LONG_INT 1
| #define HAVE_UINTMAX_T 1
| #define HAVE_INTTYPES_H 1
| #define __EXTENSIONS__ 1
| #define _ALL_SOURCE 1
| #define _GNU_SOURCE 1
| #define _POSIX_PTHREAD_SEMANTICS 1
| #define _TANDEM_SOURCE 1
| #define USE_POSIX_THREADS 1
| #define USE_POSIX_THREADS_WEAK 1
| #define HAVE_PTHREAD_RWLOCK 1
| #define HAVE_PTHREAD_MUTEX_RECURSIVE 1
| #define HAVE_ICONV 1
| #define ICONV_CONST 
| #define HAVE_BUILTIN_EXPECT 1
| #define HAVE_ARGZ_H 1
| #define HAVE_INTTYPES_H 1
| #define HAVE_LIMITS_H 1
| #define HAVE_UNISTD_H 1
| #define HAVE_SYS_PARAM_H 1
| #define HAVE_GETCWD 1
| #define HAVE_GETEGID 1
| #define HAVE_GETEUID 1
| #define HAVE_GETGID 1
| #define HAVE_GETUID 1
| #define HAVE_MEMPCPY 1
| #define HAVE_MUNMAP 1
| #define HAVE_STPCPY 1
| #define HAVE_STRCASECMP 1
| #define HAVE_STRDUP 1
| #define HAVE_STRTOUL 1
| #define HAVE_TSEARCH 1
| #define HAVE_USELOCALE 1
| #define HAVE_ARGZ_COUNT 1
| #define HAVE_ARGZ_STRINGIFY 1
| #define HAVE_ARGZ_NEXT 1
| #define HAVE___FSETLOCKING 1
| #define HAVE_DECL_FEOF_UNLOCKED 1
| #define HAVE_DECL_FGETS_UNLOCKED 1
| #define HAVE_LONG_LONG_INT 1
| #define HAVE_WCHAR_T 1
| #define HAVE_WINT_T 1
| #define HAVE_INTMAX_T 1
| #define HAVE_POSIX_PRINTF 1
| #define HAVE_STDINT_H 1
| #define HAVE_STDINT_H 1
| #define HAVE_WORKING_O_NOATIME 1
| #define HAVE_WORKING_O_NOFOLLOW 1
| /* end confdefs.h.  */
| #include <stdio.h>
| #ifdef HAVE_SYS_TYPES_H
| # include <sys/types.h>
| #endif
| #ifdef HAVE_SYS_STAT_H
| # include <sys/stat.h>
| #endif
| #ifdef STDC_HEADERS
| # include <stdlib.h>
| # include <stddef.h>
| #else
| # ifdef HAVE_STDLIB_H
| #  include <stdlib.h>
| # endif
| #endif
| #ifdef HAVE_STRING_H
| # if !defined STDC_HEADERS && defined HAVE_MEMORY_H
| #  include <memory.h>
| # endif
| # include <string.h>
| #endif
| #ifdef HAVE_STRINGS_H
| # include <strings.h>
| #endif
| #ifdef HAVE_INTTYPES_H
| # include <inttypes.h>
| #endif
| #ifdef HAVE_STDINT_H
| # include <stdint.h>
| #endif
| #ifdef HAVE_UNISTD_H
| # include <unistd.h>
| #endif
| int
| main ()
| {
| if (sizeof ((ptrdiff_t)))
| 	    return 0;
|   ;
|   return 0;
| }
configure:21142: result: yes
configure:21155: checking stddef.h usability
configure:21155: gcc -c -g -O2  conftest.c >&5
configure:21155: $? = 0
configure:21155: result: yes
configure:21155: checking stddef.h presence
configure:21155: gcc -E  conftest.c
configure:21155: $? = 0
configure:21155: result: yes
configure:21155: checking for stddef.h
configure:21155: result: yes
configure:21155: checking for stdlib.h
configure:21155: result: yes
configure:21155: checking for string.h
configure:21155: result: yes
configure:21169: checking for asprintf
configure:21169: gcc -o conftest -g -O2   conftest.c  >&5
configure:21169: $? = 0
configure:21169: result: yes
configure:21169: checking for fwprintf
configure:21169: gcc -o conftest -g -O2   conftest.c  >&5
configure:21169: $? = 0
configure:21169: result: yes
configure:21169: checking for newlocale
configure:21169: gcc -o conftest -g -O2   conftest.c  >&5
configure:21169: $? = 0
configure:21169: result: yes
configure:21169: checking for putenv
configure:21169: gcc -o conftest -g -O2   conftest.c  >&5
configure:21169: $? = 0
configure:21169: result: yes
configure:21169: checking for setenv
configure:21169: gcc -o conftest -g -O2   conftest.c  >&5
configure:21169: $? = 0
configure:21169: result: yes
configure:21169: checking for setlocale
configure:21169: gcc -o conftest -g -O2   conftest.c  >&5
configure:21169: $? = 0
configure:21169: result: yes
configure:21169: checking for snprintf
configure:21169: gcc -o conftest -g -O2   conftest.c  >&5
conftest.c:115:6: warning: conflicting types for built-in function 'snprintf' [enabled by default]
configure:21169: $? = 0
configure:21169: result: yes
configure:21169: checking for strnlen
configure:21169: gcc -o conftest -g -O2   conftest.c  >&5
configure:21169: $? = 0
configure:21169: result: yes
configure:21169: checking for wcslen
configure:21169: gcc -o conftest -g -O2   conftest.c  >&5
configure:21169: $? = 0
configure:21169: result: yes
configure:21169: checking for wcsnlen
configure:21169: gcc -o conftest -g -O2   conftest.c  >&5
configure:21169: $? = 0
configure:21169: result: yes
configure:21169: checking for mbrtowc
configure:21169: gcc -o conftest -g -O2   conftest.c  >&5
configure:21169: $? = 0
configure:21169: result: yes
configure:21169: checking for wcrtomb
configure:21169: gcc -o conftest -g -O2   conftest.c  >&5
configure:21169: $? = 0
configure:21169: result: yes
configure:21180: checking whether _snprintf is declared
configure:21200: gcc -c -g -O2  conftest.c >&5
conftest.c: In function 'main':
conftest.c:104:22: error: '_snprintf' undeclared (first use in this function)
conftest.c:104:22: note: each undeclared identifier is reported only once for each function it appears in
configure:21200: $? = 1
configure: failed program was:
| /* confdefs.h */
| #define PACKAGE_NAME "chesslan"
| #define PACKAGE_TARNAME "chesslan"
| #define PACKAGE_VERSION "0.1"
| #define PACKAGE_STRING "chesslan 0.1"
| #define PACKAGE_BUGREPORT "http://chesslan.sf.net"
| #define PACKAGE_URL ""
| #define PACKAGE "chesslan"
| #define VERSION "0.1"
| #define STDC_HEADERS 1
| #define HAVE_SYS_TYPES_H 1
| #define HAVE_SYS_STAT_H 1
| #define HAVE_STDLIB_H 1
| #define HAVE_STRING_H 1
| #define HAVE_MEMORY_H 1
| #define HAVE_STRINGS_H 1
| #define HAVE_INTTYPES_H 1
| #define HAVE_STDINT_H 1
| #define HAVE_UNISTD_H 1
| #define HAVE_DLFCN_H 1
| #define LT_OBJDIR ".libs/"
| #define GETTEXT_PACKAGE "chesslan"
| #define HAVE_VISIBILITY 1
| #define HAVE_STDINT_H_WITH_UINTMAX 1
| #define HAVE_ALLOCA_H 1
| #define HAVE_ALLOCA 1
| #define HAVE_STDLIB_H 1
| #define HAVE_UNISTD_H 1
| #define HAVE_SYS_PARAM_H 1
| #define HAVE_GETPAGESIZE 1
| #define HAVE_MMAP 1
| #define INTDIV0_RAISES_SIGFPE 1
| #define HAVE_INTTYPES_H_WITH_UINTMAX 1
| #define HAVE_UNSIGNED_LONG_LONG_INT 1
| #define HAVE_UINTMAX_T 1
| #define HAVE_INTTYPES_H 1
| #define __EXTENSIONS__ 1
| #define _ALL_SOURCE 1
| #define _GNU_SOURCE 1
| #define _POSIX_PTHREAD_SEMANTICS 1
| #define _TANDEM_SOURCE 1
| #define USE_POSIX_THREADS 1
| #define USE_POSIX_THREADS_WEAK 1
| #define HAVE_PTHREAD_RWLOCK 1
| #define HAVE_PTHREAD_MUTEX_RECURSIVE 1
| #define HAVE_ICONV 1
| #define ICONV_CONST 
| #define HAVE_BUILTIN_EXPECT 1
| #define HAVE_ARGZ_H 1
| #define HAVE_INTTYPES_H 1
| #define HAVE_LIMITS_H 1
| #define HAVE_UNISTD_H 1
| #define HAVE_SYS_PARAM_H 1
| #define HAVE_GETCWD 1
| #define HAVE_GETEGID 1
| #define HAVE_GETEUID 1
| #define HAVE_GETGID 1
| #define HAVE_GETUID 1
| #define HAVE_MEMPCPY 1
| #define HAVE_MUNMAP 1
| #define HAVE_STPCPY 1
| #define HAVE_STRCASECMP 1
| #define HAVE_STRDUP 1
| #define HAVE_STRTOUL 1
| #define HAVE_TSEARCH 1
| #define HAVE_USELOCALE 1
| #define HAVE_ARGZ_COUNT 1
| #define HAVE_ARGZ_STRINGIFY 1
| #define HAVE_ARGZ_NEXT 1
| #define HAVE___FSETLOCKING 1
| #define HAVE_DECL_FEOF_UNLOCKED 1
| #define HAVE_DECL_FGETS_UNLOCKED 1
| #define HAVE_LONG_LONG_INT 1
| #define HAVE_WCHAR_T 1
| #define HAVE_WINT_T 1
| #define HAVE_INTMAX_T 1
| #define HAVE_POSIX_PRINTF 1
| #define HAVE_STDINT_H 1
| #define HAVE_STDINT_H 1
| #define HAVE_WORKING_O_NOATIME 1
| #define HAVE_WORKING_O_NOFOLLOW 1
| #define HAVE_STDDEF_H 1
| #define HAVE_STDLIB_H 1
| #define HAVE_STRING_H 1
| #define HAVE_ASPRINTF 1
| #define HAVE_FWPRINTF 1
| #define HAVE_NEWLOCALE 1
| #define HAVE_PUTENV 1
| #define HAVE_SETENV 1
| #define HAVE_SETLOCALE 1
| #define HAVE_SNPRINTF 1
| #define HAVE_STRNLEN 1
| #define HAVE_WCSLEN 1
| #define HAVE_WCSNLEN 1
| #define HAVE_MBRTOWC 1
| #define HAVE_WCRTOMB 1
| /* end confdefs.h.  */
| #include <stdio.h>
| int
| main ()
| {
| 
| #ifndef _snprintf
|   char *p = (char *) _snprintf;
| #endif
| 
|   ;
|   return 0;
| }
configure:21207: result: no
configure:21221: checking whether _snwprintf is declared
configure:21241: gcc -c -g -O2  conftest.c >&5
conftest.c: In function 'main':
conftest.c:105:22: error: '_snwprintf' undeclared (first use in this function)
conftest.c:105:22: note: each undeclared identifier is reported only once for each function it appears in
configure:21241: $? = 1
configure: failed program was:
| /* confdefs.h */
| #define PACKAGE_NAME "chesslan"
| #define PACKAGE_TARNAME "chesslan"
| #define PACKAGE_VERSION "0.1"
| #define PACKAGE_STRING "chesslan 0.1"
| #define PACKAGE_BUGREPORT "http://chesslan.sf.net"
| #define PACKAGE_URL ""
| #define PACKAGE "chesslan"
| #define VERSION "0.1"
| #define STDC_HEADERS 1
| #define HAVE_SYS_TYPES_H 1
| #define HAVE_SYS_STAT_H 1
| #define HAVE_STDLIB_H 1
| #define HAVE_STRING_H 1
| #define HAVE_MEMORY_H 1
| #define HAVE_STRINGS_H 1
| #define HAVE_INTTYPES_H 1
| #define HAVE_STDINT_H 1
| #define HAVE_UNISTD_H 1
| #define HAVE_DLFCN_H 1
| #define LT_OBJDIR ".libs/"
| #define GETTEXT_PACKAGE "chesslan"
| #define HAVE_VISIBILITY 1
| #define HAVE_STDINT_H_WITH_UINTMAX 1
| #define HAVE_ALLOCA_H 1
| #define HAVE_ALLOCA 1
| #define HAVE_STDLIB_H 1
| #define HAVE_UNISTD_H 1
| #define HAVE_SYS_PARAM_H 1
| #define HAVE_GETPAGESIZE 1
| #define HAVE_MMAP 1
| #define INTDIV0_RAISES_SIGFPE 1
| #define HAVE_INTTYPES_H_WITH_UINTMAX 1
| #define HAVE_UNSIGNED_LONG_LONG_INT 1
| #define HAVE_UINTMAX_T 1
| #define HAVE_INTTYPES_H 1
| #define __EXTENSIONS__ 1
| #define _ALL_SOURCE 1
| #define _GNU_SOURCE 1
| #define _POSIX_PTHREAD_SEMANTICS 1
| #define _TANDEM_SOURCE 1
| #define USE_POSIX_THREADS 1
| #define USE_POSIX_THREADS_WEAK 1
| #define HAVE_PTHREAD_RWLOCK 1
| #define HAVE_PTHREAD_MUTEX_RECURSIVE 1
| #define HAVE_ICONV 1
| #define ICONV_CONST 
| #define HAVE_BUILTIN_EXPECT 1
| #define HAVE_ARGZ_H 1
| #define HAVE_INTTYPES_H 1
| #define HAVE_LIMITS_H 1
| #define HAVE_UNISTD_H 1
| #define HAVE_SYS_PARAM_H 1
| #define HAVE_GETCWD 1
| #define HAVE_GETEGID 1
| #define HAVE_GETEUID 1
| #define HAVE_GETGID 1
| #define HAVE_GETUID 1
| #define HAVE_MEMPCPY 1
| #define HAVE_MUNMAP 1
| #define HAVE_STPCPY 1
| #define HAVE_STRCASECMP 1
| #define HAVE_STRDUP 1
| #define HAVE_STRTOUL 1
| #define HAVE_TSEARCH 1
| #define HAVE_USELOCALE 1
| #define HAVE_ARGZ_COUNT 1
| #define HAVE_ARGZ_STRINGIFY 1
| #define HAVE_ARGZ_NEXT 1
| #define HAVE___FSETLOCKING 1
| #define HAVE_DECL_FEOF_UNLOCKED 1
| #define HAVE_DECL_FGETS_UNLOCKED 1
| #define HAVE_LONG_LONG_INT 1
| #define HAVE_WCHAR_T 1
| #define HAVE_WINT_T 1
| #define HAVE_INTMAX_T 1
| #define HAVE_POSIX_PRINTF 1
| #define HAVE_STDINT_H 1
| #define HAVE_STDINT_H 1
| #define HAVE_WORKING_O_NOATIME 1
| #define HAVE_WORKING_O_NOFOLLOW 1
| #define HAVE_STDDEF_H 1
| #define HAVE_STDLIB_H 1
| #define HAVE_STRING_H 1
| #define HAVE_ASPRINTF 1
| #define HAVE_FWPRINTF 1
| #define HAVE_NEWLOCALE 1
| #define HAVE_PUTENV 1
| #define HAVE_SETENV 1
| #define HAVE_SETLOCALE 1
| #define HAVE_SNPRINTF 1
| #define HAVE_STRNLEN 1
| #define HAVE_WCSLEN 1
| #define HAVE_WCSNLEN 1
| #define HAVE_MBRTOWC 1
| #define HAVE_WCRTOMB 1
| #define HAVE_DECL__SNPRINTF 0
| /* end confdefs.h.  */
| #include <stdio.h>
| int
| main ()
| {
| 
| #ifndef _snwprintf
|   char *p = (char *) _snwprintf;
| #endif
| 
|   ;
|   return 0;
| }
configure:21248: result: no
configure:21263: checking whether getc_unlocked is declared
configure:21283: gcc -c -g -O2  conftest.c >&5
configure:21283: $? = 0
configure:21290: result: yes
configure:21335: checking for nl_langinfo and CODESET
configure:21351: gcc -o conftest -g -O2   conftest.c  >&5
configure:21351: $? = 0
configure:21360: result: yes
configure:21369: checking for LC_MESSAGES
configure:21385: gcc -o conftest -g -O2   conftest.c  >&5
configure:21385: $? = 0
configure:21393: result: yes
configure:21545: checking for CFPreferencesCopyAppValue
configure:21572: result: no
configure:21579: checking for CFLocaleCopyCurrent
configure:21606: result: no
configure:21641: checking whether included gettext is requested
configure:21651: result: no
configure:21674: checking for GNU gettext in libc
configure:21694: gcc -o conftest -g -O2   conftest.c  >&5
configure:21694: $? = 0
configure:21703: result: yes
configure:22292: checking whether to use NLS
configure:22294: result: yes
configure:22297: checking where the gettext function comes from
configure:22308: result: libc
configure:22478: checking for GNOMECANVASMM
configure:22485: $PKG_CONFIG --exists --print-errors "libgnomecanvasmm-2.6"
configure:22488: $? = 0
configure:22502: $PKG_CONFIG --exists --print-errors "libgnomecanvasmm-2.6"
configure:22505: $? = 0
configure:22563: result: yes
configure:22572: checking for SIGCPP
configure:22579: $PKG_CONFIG --exists --print-errors "sigc++-2.0"
configure:22582: $? = 0
configure:22596: $PKG_CONFIG --exists --print-errors "sigc++-2.0"
configure:22599: $? = 0
configure:22657: result: yes
configure:22807: creating ./config.status

## ---------------------- ##
## Running config.status. ##
## ---------------------- ##

This file was extended by chesslan config.status 0.1, which was
generated by GNU Autoconf 2.68.  Invocation command line was

  CONFIG_FILES    = 
  CONFIG_HEADERS  = 
  CONFIG_LINKS    = 
  CONFIG_COMMANDS = 
  $ ./config.status 

on huyphung-HP-EliteBook-8440p

config.status:1324: error: cannot find input file: `Makefile.in'

## ---------------- ##
## Cache variables. ##
## ---------------- ##

ac_cv_build=x86_64-unknown-linux-gnu
ac_cv_c_compiler_gnu=yes
ac_cv_c_inline=inline
ac_cv_cxx_compiler_gnu=yes
ac_cv_env_CCC_set=
ac_cv_env_CCC_value=
ac_cv_env_CC_set=
ac_cv_env_CC_value=
ac_cv_env_CFLAGS_set=
ac_cv_env_CFLAGS_value=
ac_cv_env_CPPFLAGS_set=
ac_cv_env_CPPFLAGS_value=
ac_cv_env_CPP_set=
ac_cv_env_CPP_value=
ac_cv_env_CXXCPP_set=
ac_cv_env_CXXCPP_value=
ac_cv_env_CXXFLAGS_set=
ac_cv_env_CXXFLAGS_value=
ac_cv_env_CXX_set=
ac_cv_env_CXX_value=
ac_cv_env_GNOMECANVASMM_CFLAGS_set=
ac_cv_env_GNOMECANVASMM_CFLAGS_value=
ac_cv_env_GNOMECANVASMM_LIBS_set=
ac_cv_env_GNOMECANVASMM_LIBS_value=
ac_cv_env_GTKMM_CFLAGS_set=
ac_cv_env_GTKMM_CFLAGS_value=
ac_cv_env_GTKMM_LIBS_set=
ac_cv_env_GTKMM_LIBS_value=
ac_cv_env_LDFLAGS_set=
ac_cv_env_LDFLAGS_value=
ac_cv_env_LIBS_set=
ac_cv_env_LIBS_value=
ac_cv_env_PKG_CONFIG_LIBDIR_set=
ac_cv_env_PKG_CONFIG_LIBDIR_value=
ac_cv_env_PKG_CONFIG_PATH_set=
ac_cv_env_PKG_CONFIG_PATH_value=
ac_cv_env_PKG_CONFIG_set=
ac_cv_env_PKG_CONFIG_value=
ac_cv_env_SIGCPP_CFLAGS_set=
ac_cv_env_SIGCPP_CFLAGS_value=
ac_cv_env_SIGCPP_LIBS_set=
ac_cv_env_SIGCPP_LIBS_value=
ac_cv_env_build_alias_set=
ac_cv_env_build_alias_value=
ac_cv_env_host_alias_set=
ac_cv_env_host_alias_value=
ac_cv_env_target_alias_set=
ac_cv_env_target_alias_value=
ac_cv_func___fsetlocking=yes
ac_cv_func_alloca_works=yes
ac_cv_func_argz_count=yes
ac_cv_func_argz_next=yes
ac_cv_func_argz_stringify=yes
ac_cv_func_asprintf=yes
ac_cv_func_fwprintf=yes
ac_cv_func_getcwd=yes
ac_cv_func_getegid=yes
ac_cv_func_geteuid=yes
ac_cv_func_getgid=yes
ac_cv_func_getpagesize=yes
ac_cv_func_getuid=yes
ac_cv_func_mbrtowc=yes
ac_cv_func_mempcpy=yes
ac_cv_func_mmap_fixed_mapped=yes
ac_cv_func_munmap=yes
ac_cv_func_newlocale=yes
ac_cv_func_putenv=yes
ac_cv_func_setenv=yes
ac_cv_func_setlocale=yes
ac_cv_func_snprintf=yes
ac_cv_func_stpcpy=yes
ac_cv_func_strcasecmp=yes
ac_cv_func_strdup=yes
ac_cv_func_strnlen=yes
ac_cv_func_strtoul=yes
ac_cv_func_tsearch=yes
ac_cv_func_uselocale=yes
ac_cv_func_wcrtomb=yes
ac_cv_func_wcslen=yes
ac_cv_func_wcsnlen=yes
ac_cv_gnu_library_2=yes
ac_cv_gnu_library_2_1=yes
ac_cv_have_decl__snprintf=no
ac_cv_have_decl__snwprintf=no
ac_cv_have_decl_feof_unlocked=yes
ac_cv_have_decl_fgets_unlocked=yes
ac_cv_have_decl_getc_unlocked=yes
ac_cv_header_argz_h=yes
ac_cv_header_dlfcn_h=yes
ac_cv_header_inttypes_h=yes
ac_cv_header_limits_h=yes
ac_cv_header_memory_h=yes
ac_cv_header_minix_config_h=no
ac_cv_header_pthread_h=yes
ac_cv_header_stdc=yes
ac_cv_header_stddef_h=yes
ac_cv_header_stdint_h=yes
ac_cv_header_stdlib_h=yes
ac_cv_header_string_h=yes
ac_cv_header_strings_h=yes
ac_cv_header_sys_param_h=yes
ac_cv_header_sys_stat_h=yes
ac_cv_header_sys_types_h=yes
ac_cv_header_unistd_h=yes
ac_cv_host=x86_64-unknown-linux-gnu
ac_cv_lib_pthread_pthread_kill=yes
ac_cv_objext=o
ac_cv_path_EGREP='/bin/grep -E'
ac_cv_path_FGREP='/bin/grep -F'
ac_cv_path_GMSGFMT=/usr/bin/msgfmt
ac_cv_path_GREP=/bin/grep
ac_cv_path_MSGFMT=/usr/bin/msgfmt
ac_cv_path_MSGMERGE=/usr/bin/msgmerge
ac_cv_path_SED=/bin/sed
ac_cv_path_XGETTEXT=/usr/bin/xgettext
ac_cv_path_ac_pt_PKG_CONFIG=/usr/bin/pkg-config
ac_cv_path_install='/usr/bin/install -c'
ac_cv_path_mkdir=/bin/mkdir
ac_cv_prog_AWK=mawk
ac_cv_prog_CPP='gcc -E'
ac_cv_prog_CXXCPP='g++ -E'
ac_cv_prog_ac_ct_AR=ar
ac_cv_prog_ac_ct_CC=gcc
ac_cv_prog_ac_ct_CXX=g++
ac_cv_prog_ac_ct_MANIFEST_TOOL=mt
ac_cv_prog_ac_ct_OBJDUMP=objdump
ac_cv_prog_ac_ct_RANLIB=ranlib
ac_cv_prog_ac_ct_STRIP=strip
ac_cv_prog_cc_c89=
ac_cv_prog_cc_g=yes
ac_cv_prog_cxx_g=yes
ac_cv_prog_make_make_set=yes
ac_cv_safe_to_define___extensions__=yes
ac_cv_search_strerror='none required'
ac_cv_type_long_long_int=yes
ac_cv_type_pthread_rwlock_t=yes
ac_cv_type_ptrdiff_t=yes
ac_cv_type_size_t=yes
ac_cv_type_unsigned_long_long_int=yes
ac_cv_working_alloca_h=yes
acl_cv_hardcode_direct=no
acl_cv_hardcode_libdir_flag_spec='${wl}-rpath ${wl}$libdir'
acl_cv_hardcode_libdir_separator=
acl_cv_hardcode_minus_L=no
acl_cv_libext=a
acl_cv_libname_spec='lib$name'
acl_cv_library_names_spec='$libname$shrext'
acl_cv_path_LD='/usr/bin/ld -m elf_x86_64'
acl_cv_prog_gnu_ld=yes
acl_cv_rpath=done
acl_cv_shlibext=so
acl_cv_wl=-Wl,
am_cv_CC_dependencies_compiler_type=gcc3
am_cv_CXX_dependencies_compiler_type=gcc3
am_cv_func_iconv=yes
am_cv_func_iconv_works=yes
am_cv_langinfo_codeset=yes
am_cv_lib_iconv=no
am_cv_prog_cc_stdc=
am_cv_proto_iconv='extern size_t iconv (iconv_t cd, char * *inbuf, size_t *inbytesleft, char * *outbuf, size_t *outbytesleft);'
am_cv_proto_iconv_arg1=
gl_cv_cc_vis_werror=yes
gl_cv_cc_visibility=yes
gl_cv_have_weak=yes
gl_cv_header_inttypes_h=yes
gl_cv_header_stdint_h=yes
gl_cv_header_working_fcntl_h=yes
gl_cv_size_max=yes
gt_cv_c_intmax_t=yes
gt_cv_c_wchar_t=yes
gt_cv_c_wint_t=yes
gt_cv_func_CFLocaleCopyCurrent=no
gt_cv_func_CFPreferencesCopyAppValue=no
gt_cv_func_gnugettext1_libc=yes
gt_cv_func_printf_posix=yes
gt_cv_int_divbyzero_sigfpe=yes
gt_cv_inttypes_pri_broken=no
gt_cv_val_LC_MESSAGES=yes
lt_cv_ar_at_file=@
lt_cv_archive_cmds_need_lc=no
lt_cv_deplibs_check_method=pass_all
lt_cv_file_magic_cmd='$MAGIC_CMD'
lt_cv_file_magic_test_file=
lt_cv_ld_reload_flag=-r
lt_cv_nm_interface='BSD nm'
lt_cv_objdir=.libs
lt_cv_path_LD=/usr/bin/ld
lt_cv_path_LDCXX='/usr/bin/ld -m elf_x86_64'
lt_cv_path_NM='/usr/bin/nm -B'
lt_cv_path_mainfest_tool=no
lt_cv_prog_compiler_c_o=yes
lt_cv_prog_compiler_c_o_CXX=yes
lt_cv_prog_compiler_pic='-fPIC -DPIC'
lt_cv_prog_compiler_pic_CXX='-fPIC -DPIC'
lt_cv_prog_compiler_pic_works=yes
lt_cv_prog_compiler_pic_works_CXX=yes
lt_cv_prog_compiler_rtti_exceptions=no
lt_cv_prog_compiler_static_works=yes
lt_cv_prog_compiler_static_works_CXX=yes
lt_cv_prog_gnu_ld=yes
lt_cv_prog_gnu_ldcxx=yes
lt_cv_sharedlib_from_linklib_cmd='printf %s\n'
lt_cv_shlibpath_overrides_runpath=no
lt_cv_sys_global_symbol_pipe='sed -n -e '\''s/^.*[	 ]\([ABCDGIRSTW][ABCDGIRSTW]*\)[	 ][	 ]*\([_A-Za-z][_A-Za-z0-9]*\)$/\1 \2 \2/p'\'' | sed '\''/ __gnu_lto/d'\'''
lt_cv_sys_global_symbol_to_c_name_address='sed -n -e '\''s/^: \([^ ]*\)[ ]*$/  {\"\1\", (void *) 0},/p'\'' -e '\''s/^[ABCDGIRSTW]* \([^ ]*\) \([^ ]*\)$/  {"\2", (void *) \&\2},/p'\'''
lt_cv_sys_global_symbol_to_c_name_address_lib_prefix='sed -n -e '\''s/^: \([^ ]*\)[ ]*$/  {\"\1\", (void *) 0},/p'\'' -e '\''s/^[ABCDGIRSTW]* \([^ ]*\) \(lib[^ ]*\)$/  {"\2", (void *) \&\2},/p'\'' -e '\''s/^[ABCDGIRSTW]* \([^ ]*\) \([^ ]*\)$/  {"lib\2", (void *) \&\2},/p'\'''
lt_cv_sys_global_symbol_to_cdecl='sed -n -e '\''s/^T .* \(.*\)$/extern int \1();/p'\'' -e '\''s/^[ABCDGIRSTW]* .* \(.*\)$/extern char \1;/p'\'''
lt_cv_sys_max_cmd_len=1572864
lt_cv_to_host_file_cmd=func_convert_file_noop
lt_cv_to_tool_file_cmd=func_convert_file_noop
nls_cv_force_use_gnu_gettext=no
nls_cv_header_intl=
nls_cv_header_libgt=
nls_cv_use_gnu_gettext=no
pkg_cv_GNOMECANVASMM_CFLAGS='-pthread -I/usr/include/gtkmm-2.4 -I/usr/lib/x86_64-linux-gnu/gtkmm-2.4/include -I/usr/include/libgnomecanvas-2.0 -I/usr/include/atkmm-1.6 -I/usr/include/giomm-2.4 -I/usr/lib/x86_64-linux-gnu/giomm-2.4/include -I/usr/include/pangomm-1.4 -I/usr/lib/x86_64-linux-gnu/pangomm-1.4/include -I/usr/include/gtk-2.0 -I/usr/include/gtk-unix-print-2.0 -I/usr/include/gdkmm-2.4 -I/usr/lib/x86_64-linux-gnu/gdkmm-2.4/include -I/usr/include/atk-1.0 -I/usr/include/glibmm-2.4 -I/usr/lib/x86_64-linux-gnu/glibmm-2.4/include -I/usr/include/glib-2.0 -I/usr/lib/x86_64-linux-gnu/glib-2.0/include -I/usr/include/sigc++-2.0 -I/usr/lib/x86_64-linux-gnu/sigc++-2.0/include -I/usr/include/cairomm-1.0 -I/usr/lib/x86_64-linux-gnu/cairomm-1.0/include -I/usr/include/pango-1.0 -I/usr/include/cairo -I/usr/include/pixman-1 -I/usr/include/freetype2 -I/usr/include/libpng12 -I/usr/lib/x86_64-linux-gnu/gtk-2.0/include -I/usr/include/gdk-pixbuf-2.0 -I/usr/include/gio-unix-2.0/ -I/usr/include/gail-1.0 -I/usr/include/libart-2.0 -I/usr/include/libgnomecanvasmm-2.6 -I/usr/lib/libgnomecanvasmm-2.6/include  '
pkg_cv_GNOMECANVASMM_LIBS='-lgnomecanvasmm-2.6 -lgtkmm-2.4 -lgnomecanvas-2 -latkmm-1.6 -lgdkmm-2.4 -lgiomm-2.4 -lpangomm-1.4 -lglibmm-2.4 -lcairomm-1.0 -lsigc-2.0 -lart_lgpl_2 -lgtk-x11-2.0 -lgdk-x11-2.0 -latk-1.0 -lgio-2.0 -lpangoft2-1.0 -lpangocairo-1.0 -lgdk_pixbuf-2.0 -lcairo -lpango-1.0 -lfreetype -lfontconfig -lgobject-2.0 -lglib-2.0  '
pkg_cv_GTKMM_CFLAGS='-pthread -I/usr/include/gtkmm-2.4 -I/usr/lib/x86_64-linux-gnu/gtkmm-2.4/include -I/usr/include/atkmm-1.6 -I/usr/include/giomm-2.4 -I/usr/lib/x86_64-linux-gnu/giomm-2.4/include -I/usr/include/pangomm-1.4 -I/usr/lib/x86_64-linux-gnu/pangomm-1.4/include -I/usr/include/gtk-2.0 -I/usr/include/gtk-unix-print-2.0 -I/usr/include/gdkmm-2.4 -I/usr/lib/x86_64-linux-gnu/gdkmm-2.4/include -I/usr/include/atk-1.0 -I/usr/include/glibmm-2.4 -I/usr/lib/x86_64-linux-gnu/glibmm-2.4/include -I/usr/include/glib-2.0 -I/usr/lib/x86_64-linux-gnu/glib-2.0/include -I/usr/include/sigc++-2.0 -I/usr/lib/x86_64-linux-gnu/sigc++-2.0/include -I/usr/include/cairomm-1.0 -I/usr/lib/x86_64-linux-gnu/cairomm-1.0/include -I/usr/include/pango-1.0 -I/usr/include/cairo -I/usr/include/pixman-1 -I/usr/include/freetype2 -I/usr/include/libpng12 -I/usr/lib/x86_64-linux-gnu/gtk-2.0/include -I/usr/include/gdk-pixbuf-2.0 -I/usr/include/gio-unix-2.0/  '
pkg_cv_GTKMM_LIBS='-lgtkmm-2.4 -latkmm-1.6 -lgdkmm-2.4 -lgiomm-2.4 -lpangomm-1.4 -lgtk-x11-2.0 -lglibmm-2.4 -lcairomm-1.0 -lsigc-2.0 -lgdk-x11-2.0 -latk-1.0 -lgio-2.0 -lpangoft2-1.0 -lpangocairo-1.0 -lgdk_pixbuf-2.0 -lcairo -lpango-1.0 -lfreetype -lfontconfig -lgobject-2.0 -lglib-2.0  '
pkg_cv_SIGCPP_CFLAGS='-I/usr/include/sigc++-2.0 -I/usr/lib/x86_64-linux-gnu/sigc++-2.0/include  '
pkg_cv_SIGCPP_LIBS='-lsigc-2.0  '

## ----------------- ##
## Output variables. ##
## ----------------- ##

ACLOCAL='${SHELL} /home/huyphung/Workspaces/NP/chesslan-code/missing --run aclocal-1.11'
ALLOCA=''
AMDEPBACKSLASH='\'
AMDEP_FALSE='#'
AMDEP_TRUE=''
AMTAR='$${TAR-tar}'
AR='ar'
AUTOCONF='${SHELL} /home/huyphung/Workspaces/NP/chesslan-code/missing --run autoconf'
AUTOHEADER='${SHELL} /home/huyphung/Workspaces/NP/chesslan-code/missing --run autoheader'
AUTOMAKE='${SHELL} /home/huyphung/Workspaces/NP/chesslan-code/missing --run automake-1.11'
AWK='mawk'
BUILD_INCLUDED_LIBINTL='no'
CATOBJEXT='.gmo'
CC='gcc'
CCDEPMODE='depmode=gcc3'
CFLAGS='-g -O2'
CFLAG_VISIBILITY='-fvisibility=hidden'
CPP='gcc -E'
CPPFLAGS=''
CXX='g++'
CXXCPP='g++ -E'
CXXDEPMODE='depmode=gcc3'
CXXFLAGS='-g -O2'
CYGPATH_W='echo'
DATADIRNAME='share'
DEFS='-DHAVE_CONFIG_H'
DEPDIR='.deps'
DLLTOOL='false'
DSYMUTIL=''
DUMPBIN=''
ECHO_C=''
ECHO_N='-n'
ECHO_T=''
EGREP='/bin/grep -E'
EXEEXT=''
FGREP='/bin/grep -F'
GENCAT='gencat'
GETTEXT_MACRO_VERSION='0.18'
GETTEXT_PACKAGE='chesslan'
GLIBC21='yes'
GLIBC2='yes'
GMSGFMT='/usr/bin/msgfmt'
GMSGFMT_015='/usr/bin/msgfmt'
GNOMECANVASMM_CFLAGS='-pthread -I/usr/include/gtkmm-2.4 -I/usr/lib/x86_64-linux-gnu/gtkmm-2.4/include -I/usr/include/libgnomecanvas-2.0 -I/usr/include/atkmm-1.6 -I/usr/include/giomm-2.4 -I/usr/lib/x86_64-linux-gnu/giomm-2.4/include -I/usr/include/pangomm-1.4 -I/usr/lib/x86_64-linux-gnu/pangomm-1.4/include -I/usr/include/gtk-2.0 -I/usr/include/gtk-unix-print-2.0 -I/usr/include/gdkmm-2.4 -I/usr/lib/x86_64-linux-gnu/gdkmm-2.4/include -I/usr/include/atk-1.0 -I/usr/include/glibmm-2.4 -I/usr/lib/x86_64-linux-gnu/glibmm-2.4/include -I/usr/include/glib-2.0 -I/usr/lib/x86_64-linux-gnu/glib-2.0/include -I/usr/include/sigc++-2.0 -I/usr/lib/x86_64-linux-gnu/sigc++-2.0/include -I/usr/include/cairomm-1.0 -I/usr/lib/x86_64-linux-gnu/cairomm-1.0/include -I/usr/include/pango-1.0 -I/usr/include/cairo -I/usr/include/pixman-1 -I/usr/include/freetype2 -I/usr/include/libpng12 -I/usr/lib/x86_64-linux-gnu/gtk-2.0/include -I/usr/include/gdk-pixbuf-2.0 -I/usr/include/gio-unix-2.0/ -I/usr/include/gail-1.0 -I/usr/include/libart-2.0 -I/usr/include/libgnomecanvasmm-2.6 -I/usr/lib/libgnomecanvasmm-2.6/include  '
GNOMECANVASMM_LIBS='-lgnomecanvasmm-2.6 -lgtkmm-2.4 -lgnomecanvas-2 -latkmm-1.6 -lgdkmm-2.4 -lgiomm-2.4 -lpangomm-1.4 -lglibmm-2.4 -lcairomm-1.0 -lsigc-2.0 -lart_lgpl_2 -lgtk-x11-2.0 -lgdk-x11-2.0 -latk-1.0 -lgio-2.0 -lpangoft2-1.0 -lpangocairo-1.0 -lgdk_pixbuf-2.0 -lcairo -lpango-1.0 -lfreetype -lfontconfig -lgobject-2.0 -lglib-2.0  '
GREP='/bin/grep'
GTKMM_CFLAGS='-pthread -I/usr/include/gtkmm-2.4 -I/usr/lib/x86_64-linux-gnu/gtkmm-2.4/include -I/usr/include/atkmm-1.6 -I/usr/include/giomm-2.4 -I/usr/lib/x86_64-linux-gnu/giomm-2.4/include -I/usr/include/pangomm-1.4 -I/usr/lib/x86_64-linux-gnu/pangomm-1.4/include -I/usr/include/gtk-2.0 -I/usr/include/gtk-unix-print-2.0 -I/usr/include/gdkmm-2.4 -I/usr/lib/x86_64-linux-gnu/gdkmm-2.4/include -I/usr/include/atk-1.0 -I/usr/include/glibmm-2.4 -I/usr/lib/x86_64-linux-gnu/glibmm-2.4/include -I/usr/include/glib-2.0 -I/usr/lib/x86_64-linux-gnu/glib-2.0/include -I/usr/include/sigc++-2.0 -I/usr/lib/x86_64-linux-gnu/sigc++-2.0/include -I/usr/include/cairomm-1.0 -I/usr/lib/x86_64-linux-gnu/cairomm-1.0/include -I/usr/include/pango-1.0 -I/usr/include/cairo -I/usr/include/pixman-1 -I/usr/include/freetype2 -I/usr/include/libpng12 -I/usr/lib/x86_64-linux-gnu/gtk-2.0/include -I/usr/include/gdk-pixbuf-2.0 -I/usr/include/gio-unix-2.0/  '
GTKMM_LIBS='-lgtkmm-2.4 -latkmm-1.6 -lgdkmm-2.4 -lgiomm-2.4 -lpangomm-1.4 -lgtk-x11-2.0 -lglibmm-2.4 -lcairomm-1.0 -lsigc-2.0 -lgdk-x11-2.0 -latk-1.0 -lgio-2.0 -lpangoft2-1.0 -lpangocairo-1.0 -lgdk_pixbuf-2.0 -lcairo -lpango-1.0 -lfreetype -lfontconfig -lgobject-2.0 -lglib-2.0  '
HAVE_ASPRINTF='1'
HAVE_NEWLOCALE='1'
HAVE_POSIX_PRINTF='1'
HAVE_SNPRINTF='1'
HAVE_VISIBILITY='1'
HAVE_WPRINTF='0'
INSTALL_DATA='${INSTALL} -m 644'
INSTALL_PROGRAM='${INSTALL}'
INSTALL_SCRIPT='${INSTALL}'
INSTALL_STRIP_PROGRAM='$(install_sh) -c -s'
INSTOBJEXT='.mo'
INTLBISON=':'
INTLLIBS=''
INTLOBJS=''
INTL_DEFAULT_VERBOSITY='1'
INTL_LIBTOOL_SUFFIX_PREFIX=''
INTL_MACOSX_LIBS=''
LD='/usr/bin/ld -m elf_x86_64'
LDFLAGS=''
LIBICONV=''
LIBINTL=''
LIBMULTITHREAD='-lpthread'
LIBOBJS=''
LIBPTH=''
LIBPTH_PREFIX=''
LIBS=''
LIBTHREAD=''
LIBTOOL='$(SHELL) $(top_builddir)/libtool'
LIPO=''
LN_S='ln -s'
LTLIBC='-lc'
LTLIBICONV=''
LTLIBINTL=''
LTLIBMULTITHREAD='-lpthread'
LTLIBOBJS=''
LTLIBPTH=''
LTLIBTHREAD=''
MAKEINFO='${SHELL} /home/huyphung/Workspaces/NP/chesslan-code/missing --run makeinfo'
MANIFEST_TOOL=':'
MKDIR_P='/bin/mkdir -p'
MSGFMT='/usr/bin/msgfmt'
MSGFMT_015='/usr/bin/msgfmt'
MSGMERGE='/usr/bin/msgmerge'
NM='/usr/bin/nm -B'
NMEDIT=''
NO_PREFIX_PACKAGE_DATA_DIR='share/chesslan'
NO_PREFIX_PACKAGE_DOC_DIR='doc/chesslan'
NO_PREFIX_PACKAGE_HELP_DIR='share/chesslan/help'
NO_PREFIX_PACKAGE_MENU_DIR='share/chesslan'
NO_PREFIX_PACKAGE_PIXMAPS_DIR='share/chesslan/pixmaps'
OBJDUMP='objdump'
OBJEXT='o'
OTOOL64=''
OTOOL=''
PACKAGE='chesslan'
PACKAGE_BUGREPORT='http://chesslan.sf.net'
PACKAGE_DATA_DIR='/usr/local/share/chesslan'
PACKAGE_DOC_DIR='/usr/local/doc/chesslan'
PACKAGE_HELP_DIR='/usr/local/share/chesslan/help'
PACKAGE_MENU_DIR='/usr/local/share/chesslan'
PACKAGE_NAME='chesslan'
PACKAGE_PIXMAPS_DIR='/usr/local/share/chesslan/pixmaps'
PACKAGE_STRING='chesslan 0.1'
PACKAGE_TARNAME='chesslan'
PACKAGE_URL=''
PACKAGE_VERSION='0.1'
PATH_SEPARATOR=':'
PKG_CONFIG='/usr/bin/pkg-config'
PKG_CONFIG_LIBDIR=''
PKG_CONFIG_PATH=''
POSUB='po'
PRI_MACROS_BROKEN='0'
RANLIB='ranlib'
SED='/bin/sed'
SET_MAKE=''
SHELL='/bin/bash'
SIGCPP_CFLAGS='-I/usr/include/sigc++-2.0 -I/usr/lib/x86_64-linux-gnu/sigc++-2.0/include  '
SIGCPP_LIBS='-lsigc-2.0  '
STRIP='strip'
USE_INCLUDED_LIBINTL='no'
USE_NLS='yes'
VERSION='0.1'
WINDRES=''
WOE32='no'
WOE32DLL='no'
XGETTEXT='/usr/bin/xgettext'
XGETTEXT_015='/usr/bin/xgettext'
XGETTEXT_EXTRA_OPTIONS=''
ac_ct_AR='ar'
ac_ct_CC='gcc'
ac_ct_CXX='g++'
ac_ct_DUMPBIN=''
am__EXEEXT_FALSE=''
am__EXEEXT_TRUE='#'
am__fastdepCC_FALSE='#'
am__fastdepCC_TRUE=''
am__fastdepCXX_FALSE='#'
am__fastdepCXX_TRUE=''
am__include='include'
am__isrc=''
am__leading_dot='.'
am__nodep='_no'
am__quote=''
am__tar='$${TAR-tar} chof - "$$tardir"'
am__untar='$${TAR-tar} xf -'
bindir='${exec_prefix}/bin'
build='x86_64-unknown-linux-gnu'
build_alias=''
build_cpu='x86_64'
build_os='linux-gnu'
build_vendor='unknown'
datadir='${datarootdir}'
datarootdir='${prefix}/share'
docdir='${datarootdir}/doc/${PACKAGE_TARNAME}'
dvidir='${docdir}'
exec_prefix='${prefix}'
host='x86_64-unknown-linux-gnu'
host_alias=''
host_cpu='x86_64'
host_os='linux-gnu'
host_vendor='unknown'
htmldir='${docdir}'
includedir='${prefix}/include'
infodir='${datarootdir}/info'
install_sh='${SHELL} /home/huyphung/Workspaces/NP/chesslan-code/install-sh'
libdir='${exec_prefix}/lib'
libexecdir='${exec_prefix}/libexec'
localedir='${datarootdir}/locale'
localstatedir='${prefix}/var'
mandir='${datarootdir}/man'
mkdir_p='/bin/mkdir -p'
oldincludedir='/usr/include'
pdfdir='${docdir}'
prefix='/usr/local'
program_transform_name='s,x,x,'
psdir='${docdir}'
sbindir='${exec_prefix}/sbin'
sharedstatedir='${prefix}/com'
sysconfdir='${prefix}/etc'
target_alias=''

## ----------- ##
## confdefs.h. ##
## ----------- ##

/* confdefs.h */
#define PACKAGE_NAME "chesslan"
#define PACKAGE_TARNAME "chesslan"
#define PACKAGE_VERSION "0.1"
#define PACKAGE_STRING "chesslan 0.1"
#define PACKAGE_BUGREPORT "http://chesslan.sf.net"
#define PACKAGE_URL ""
#define PACKAGE "chesslan"
#define VERSION "0.1"
#define STDC_HEADERS 1
#define HAVE_SYS_TYPES_H 1
#define HAVE_SYS_STAT_H 1
#define HAVE_STDLIB_H 1
#define HAVE_STRING_H 1
#define HAVE_MEMORY_H 1
#define HAVE_STRINGS_H 1
#define HAVE_INTTYPES_H 1
#define HAVE_STDINT_H 1
#define HAVE_UNISTD_H 1
#define HAVE_DLFCN_H 1
#define LT_OBJDIR ".libs/"
#define GETTEXT_PACKAGE "chesslan"
#define HAVE_VISIBILITY 1
#define HAVE_STDINT_H_WITH_UINTMAX 1
#define HAVE_ALLOCA_H 1
#define HAVE_ALLOCA 1
#define HAVE_STDLIB_H 1
#define HAVE_UNISTD_H 1
#define HAVE_SYS_PARAM_H 1
#define HAVE_GETPAGESIZE 1
#define HAVE_MMAP 1
#define INTDIV0_RAISES_SIGFPE 1
#define HAVE_INTTYPES_H_WITH_UINTMAX 1
#define HAVE_UNSIGNED_LONG_LONG_INT 1
#define HAVE_UINTMAX_T 1
#define HAVE_INTTYPES_H 1
#define __EXTENSIONS__ 1
#define _ALL_SOURCE 1
#define _GNU_SOURCE 1
#define _POSIX_PTHREAD_SEMANTICS 1
#define _TANDEM_SOURCE 1
#define USE_POSIX_THREADS 1
#define USE_POSIX_THREADS_WEAK 1
#define HAVE_PTHREAD_RWLOCK 1
#define HAVE_PTHREAD_MUTEX_RECURSIVE 1
#define HAVE_ICONV 1
#define ICONV_CONST 
#define HAVE_BUILTIN_EXPECT 1
#define HAVE_ARGZ_H 1
#define HAVE_INTTYPES_H 1
#define HAVE_LIMITS_H 1
#define HAVE_UNISTD_H 1
#define HAVE_SYS_PARAM_H 1
#define HAVE_GETCWD 1
#define HAVE_GETEGID 1
#define HAVE_GETEUID 1
#define HAVE_GETGID 1
#define HAVE_GETUID 1
#define HAVE_MEMPCPY 1
#define HAVE_MUNMAP 1
#define HAVE_STPCPY 1
#define HAVE_STRCASECMP 1
#define HAVE_STRDUP 1
#define HAVE_STRTOUL 1
#define HAVE_TSEARCH 1
#define HAVE_USELOCALE 1
#define HAVE_ARGZ_COUNT 1
#define HAVE_ARGZ_STRINGIFY 1
#define HAVE_ARGZ_NEXT 1
#define HAVE___FSETLOCKING 1
#define HAVE_DECL_FEOF_UNLOCKED 1
#define HAVE_DECL_FGETS_UNLOCKED 1
#define HAVE_LONG_LONG_INT 1
#define HAVE_WCHAR_T 1
#define HAVE_WINT_T 1
#define HAVE_INTMAX_T 1
#define HAVE_POSIX_PRINTF 1
#define HAVE_STDINT_H 1
#define HAVE_STDINT_H 1
#define HAVE_WORKING_O_NOATIME 1
#define HAVE_WORKING_O_NOFOLLOW 1
#define HAVE_STDDEF_H 1
#define HAVE_STDLIB_H 1
#define HAVE_STRING_H 1
#define HAVE_ASPRINTF 1
#define HAVE_FWPRINTF 1
#define HAVE_NEWLOCALE 1
#define HAVE_PUTENV 1
#define HAVE_SETENV 1
#define HAVE_SETLOCALE 1
#define HAVE_SNPRINTF 1
#define HAVE_STRNLEN 1
#define HAVE_WCSLEN 1
#define HAVE_WCSNLEN 1
#define HAVE_MBRTOWC 1
#define HAVE_WCRTOMB 1
#define HAVE_DECL__SNPRINTF 0
#define HAVE_DECL__SNWPRINTF 0
#define HAVE_DECL_GETC_UNLOCKED 1
#define HAVE_LANGINFO_CODESET 1
#define HAVE_LC_MESSAGES 1
#define ENABLE_NLS 1
#define HAVE_GETTEXT 1
#define HAVE_DCGETTEXT 1
#define PACKAGE_LOCALE_DIR "/usr/local/share/locale"
#define PACKAGE_DATA_DIR "/usr/local/share/chesslan"
#define PACKAGE_DOC_DIR "/usr/local/doc/chesslan"
#define PACKAGE_PIXMAPS_DIR "/usr/local/share/chesslan/pixmaps"
#define PACKAGE_HELP_DIR "/usr/local/share/chesslan/help"
#define PACKAGE_MENU_DIR "/usr/local/share/chesslan"
#define PACKAGE_SOURCE_DIR "/home/huyphung/Workspaces/NP/chesslan-code"

configure: exit 1
