This file contains any messages produced by compilers while
running configure, to aid debugging if configure makes a mistake.

It was created by gtk_rungchuongvang configure 0.1, which was
generated by GNU Autoconf 2.65.  Invocation command line was

  $ /home/anhlht/gtk-rungchuongvang1/configure --enable-maintainer-mode --enable-maintainer-mode CFLAGS=-g -O0 CXXFLAGS=-g -O0 JFLAGS=-g -O0 FFLAGS=-g -O0

## --------- ##
## Platform. ##
## --------- ##

hostname = anhlht-desktop
uname -m = x86_64
uname -r = 2.6.32-21-generic
uname -s = Linux
uname -v = #32-Ubuntu SMP Fri Apr 16 08:09:38 UTC 2010

/usr/bin/uname -p = unknown
/bin/uname -X     = unknown

/bin/arch              = unknown
/usr/bin/arch -k       = unknown
/usr/convex/getsysinfo = unknown
/usr/bin/hostinfo      = unknown
/bin/machine           = unknown
/usr/bin/oslevel       = unknown
/bin/universe          = unknown

PATH: /usr/local/sbin
PATH: /usr/local/bin
PATH: /usr/sbin
PATH: /usr/bin
PATH: /sbin
PATH: /bin
PATH: /usr/games


## ----------- ##
## Core tests. ##
## ----------- ##

configure:2412: checking for a BSD-compatible install
configure:2480: result: /usr/bin/install -c
configure:2491: checking whether build environment is sane
configure:2541: result: yes
configure:2682: checking for a thread-safe mkdir -p
configure:2721: result: /bin/mkdir -p
configure:2734: checking for gawk
configure:2750: found /usr/bin/gawk
configure:2761: result: gawk
configure:2772: checking whether make sets $(MAKE)
configure:2794: result: yes
configure:2877: checking whether to enable maintainer-specific portions of Makefiles
configure:2886: result: yes
configure:2912: checking for style of include used by make
configure:2940: result: GNU
configure:3010: checking for gcc
configure:3026: found /usr/bin/gcc
configure:3037: result: gcc
configure:3266: checking for C compiler version
configure:3275: gcc --version >&5
gcc (Ubuntu 4.4.3-4ubuntu5) 4.4.3
Copyright (C) 2009 Free Software Foundation, Inc.
This is free software; see the source for copying conditions.  There is NO
warranty; not even for MERCHANTABILITY or FITNESS FOR A PARTICULAR PURPOSE.

configure:3286: $? = 0
configure:3275: gcc -v >&5
Using built-in specs.
Target: x86_64-linux-gnu
Configured with: ../src/configure -v --with-pkgversion='Ubuntu 4.4.3-4ubuntu5' --with-bugurl=file:///usr/share/doc/gcc-4.4/README.Bugs --enable-languages=c,c++,fortran,objc,obj-c++ --prefix=/usr --enable-shared --enable-multiarch --enable-linker-build-id --with-system-zlib --libexecdir=/usr/lib --without-included-gettext --enable-threads=posix --with-gxx-include-dir=/usr/include/c++/4.4 --program-suffix=-4.4 --enable-nls --enable-clocale=gnu --enable-libstdcxx-debug --enable-plugin --enable-objc-gc --disable-werror --with-arch-32=i486 --with-tune=generic --enable-checking=release --build=x86_64-linux-gnu --host=x86_64-linux-gnu --target=x86_64-linux-gnu
Thread model: posix
gcc version 4.4.3 (Ubuntu 4.4.3-4ubuntu5) 
configure:3286: $? = 0
configure:3275: gcc -V >&5
gcc: '-V' option must have argument
configure:3286: $? = 1
configure:3275: gcc -qversion >&5
gcc: unrecognized option '-qversion'
gcc: no input files
configure:3286: $? = 1
configure:3306: checking whether the C compiler works
configure:3328: gcc -g -O0   conftest.c  >&5
configure:3332: $? = 0
configure:3381: result: yes
configure:3384: checking for C compiler default output file name
configure:3386: result: a.out
configure:3392: checking for suffix of executables
configure:3399: gcc -o conftest -g -O0   conftest.c  >&5
configure:3403: $? = 0
configure:3425: result: 
configure:3447: checking whether we are cross compiling
configure:3455: gcc -o conftest -g -O0   conftest.c  >&5
configure:3459: $? = 0
configure:3466: ./conftest
configure:3470: $? = 0
configure:3485: result: no
configure:3490: checking for suffix of object files
configure:3512: gcc -c -g -O0  conftest.c >&5
configure:3516: $? = 0
configure:3537: result: o
configure:3541: checking whether we are using the GNU C compiler
configure:3560: gcc -c -g -O0  conftest.c >&5
configure:3560: $? = 0
configure:3569: result: yes
configure:3578: checking whether gcc accepts -g
configure:3598: gcc -c -g  conftest.c >&5
configure:3598: $? = 0
configure:3639: result: yes
configure:3656: checking for gcc option to accept ISO C89
configure:3720: gcc  -c -g -O0  conftest.c >&5
configure:3720: $? = 0
configure:3733: result: none needed
configure:3755: checking dependency style of gcc
configure:3865: result: gcc3
configure:3881: checking for library containing strerror
configure:3912: gcc -o conftest -g -O0   conftest.c  >&5
configure:3912: $? = 0
configure:3929: result: none required
configure:3985: checking for gcc
configure:4012: result: gcc
configure:4241: checking for C compiler version
configure:4250: gcc --version >&5
gcc (Ubuntu 4.4.3-4ubuntu5) 4.4.3
Copyright (C) 2009 Free Software Foundation, Inc.
This is free software; see the source for copying conditions.  There is NO
warranty; not even for MERCHANTABILITY or FITNESS FOR A PARTICULAR PURPOSE.

configure:4261: $? = 0
configure:4250: gcc -v >&5
Using built-in specs.
Target: x86_64-linux-gnu
Configured with: ../src/configure -v --with-pkgversion='Ubuntu 4.4.3-4ubuntu5' --with-bugurl=file:///usr/share/doc/gcc-4.4/README.Bugs --enable-languages=c,c++,fortran,objc,obj-c++ --prefix=/usr --enable-shared --enable-multiarch --enable-linker-build-id --with-system-zlib --libexecdir=/usr/lib --without-included-gettext --enable-threads=posix --with-gxx-include-dir=/usr/include/c++/4.4 --program-suffix=-4.4 --enable-nls --enable-clocale=gnu --enable-libstdcxx-debug --enable-plugin --enable-objc-gc --disable-werror --with-arch-32=i486 --with-tune=generic --enable-checking=release --build=x86_64-linux-gnu --host=x86_64-linux-gnu --target=x86_64-linux-gnu
Thread model: posix
gcc version 4.4.3 (Ubuntu 4.4.3-4ubuntu5) 
configure:4261: $? = 0
configure:4250: gcc -V >&5
gcc: '-V' option must have argument
configure:4261: $? = 1
configure:4250: gcc -qversion >&5
gcc: unrecognized option '-qversion'
gcc: no input files
configure:4261: $? = 1
configure:4265: checking whether we are using the GNU C compiler
configure:4293: result: yes
configure:4302: checking whether gcc accepts -g
configure:4363: result: yes
configure:4380: checking for gcc option to accept ISO C89
configure:4457: result: none needed
configure:4479: checking dependency style of gcc
configure:4589: result: gcc3
configure:4652: checking for gcc
configure:4679: result: gcc
configure:4908: checking for C compiler version
configure:4917: gcc --version >&5
gcc (Ubuntu 4.4.3-4ubuntu5) 4.4.3
Copyright (C) 2009 Free Software Foundation, Inc.
This is free software; see the source for copying conditions.  There is NO
warranty; not even for MERCHANTABILITY or FITNESS FOR A PARTICULAR PURPOSE.

configure:4928: $? = 0
configure:4917: gcc -v >&5
Using built-in specs.
Target: x86_64-linux-gnu
Configured with: ../src/configure -v --with-pkgversion='Ubuntu 4.4.3-4ubuntu5' --with-bugurl=file:///usr/share/doc/gcc-4.4/README.Bugs --enable-languages=c,c++,fortran,objc,obj-c++ --prefix=/usr --enable-shared --enable-multiarch --enable-linker-build-id --with-system-zlib --libexecdir=/usr/lib --without-included-gettext --enable-threads=posix --with-gxx-include-dir=/usr/include/c++/4.4 --program-suffix=-4.4 --enable-nls --enable-clocale=gnu --enable-libstdcxx-debug --enable-plugin --enable-objc-gc --disable-werror --with-arch-32=i486 --with-tune=generic --enable-checking=release --build=x86_64-linux-gnu --host=x86_64-linux-gnu --target=x86_64-linux-gnu
Thread model: posix
gcc version 4.4.3 (Ubuntu 4.4.3-4ubuntu5) 
configure:4928: $? = 0
configure:4917: gcc -V >&5
gcc: '-V' option must have argument
configure:4928: $? = 1
configure:4917: gcc -qversion >&5
gcc: unrecognized option '-qversion'
gcc: no input files
configure:4928: $? = 1
configure:4932: checking whether we are using the GNU C compiler
configure:4960: result: yes
configure:4969: checking whether gcc accepts -g
configure:5030: result: yes
configure:5047: checking for gcc option to accept ISO C89
configure:5124: result: none needed
configure:5146: checking dependency style of gcc
configure:5256: result: gcc3
configure:5279: checking how to run the C preprocessor
configure:5310: gcc -E  conftest.c
configure:5310: $? = 0
configure:5324: gcc -E  conftest.c
conftest.c:11:28: error: ac_nonexistent.h: No such file or directory
configure:5324: $? = 1
configure: failed program was:
| /* confdefs.h */
| #define PACKAGE_NAME "gtk_rungchuongvang"
| #define PACKAGE_TARNAME "gtk_rungchuongvang"
| #define PACKAGE_VERSION "0.1"
| #define PACKAGE_STRING "gtk_rungchuongvang 0.1"
| #define PACKAGE_BUGREPORT ""
| #define PACKAGE_URL ""
| #define PACKAGE "gtk_rungchuongvang"
| #define VERSION "0.1"
| /* end confdefs.h.  */
| #include <ac_nonexistent.h>
configure:5349: result: gcc -E
configure:5369: gcc -E  conftest.c
configure:5369: $? = 0
configure:5383: gcc -E  conftest.c
conftest.c:11:28: error: ac_nonexistent.h: No such file or directory
configure:5383: $? = 1
configure: failed program was:
| /* confdefs.h */
| #define PACKAGE_NAME "gtk_rungchuongvang"
| #define PACKAGE_TARNAME "gtk_rungchuongvang"
| #define PACKAGE_VERSION "0.1"
| #define PACKAGE_STRING "gtk_rungchuongvang 0.1"
| #define PACKAGE_BUGREPORT ""
| #define PACKAGE_URL ""
| #define PACKAGE "gtk_rungchuongvang"
| #define VERSION "0.1"
| /* end confdefs.h.  */
| #include <ac_nonexistent.h>
configure:5412: checking for grep that handles long lines and -e
configure:5470: result: /bin/grep
configure:5475: checking for egrep
configure:5537: result: /bin/grep -E
configure:5542: checking for ANSI C header files
configure:5562: gcc -c -g -O0  conftest.c >&5
configure:5562: $? = 0
configure:5635: gcc -o conftest -g -O0   conftest.c  >&5
configure:5635: $? = 0
configure:5635: ./conftest
configure:5635: $? = 0
configure:5646: result: yes
configure:5670: checking for sys/types.h
configure:5670: gcc -c -g -O0  conftest.c >&5
configure:5670: $? = 0
configure:5670: result: yes
configure:5670: checking for sys/stat.h
configure:5670: gcc -c -g -O0  conftest.c >&5
configure:5670: $? = 0
configure:5670: result: yes
configure:5670: checking for stdlib.h
configure:5670: gcc -c -g -O0  conftest.c >&5
configure:5670: $? = 0
configure:5670: result: yes
configure:5670: checking for string.h
configure:5670: gcc -c -g -O0  conftest.c >&5
configure:5670: $? = 0
configure:5670: result: yes
configure:5670: checking for memory.h
configure:5670: gcc -c -g -O0  conftest.c >&5
configure:5670: $? = 0
configure:5670: result: yes
configure:5670: checking for strings.h
configure:5670: gcc -c -g -O0  conftest.c >&5
configure:5670: $? = 0
configure:5670: result: yes
configure:5670: checking for inttypes.h
configure:5670: gcc -c -g -O0  conftest.c >&5
configure:5670: $? = 0
configure:5670: result: yes
configure:5670: checking for stdint.h
configure:5670: gcc -c -g -O0  conftest.c >&5
configure:5670: $? = 0
configure:5670: result: yes
configure:5670: checking for unistd.h
configure:5670: gcc -c -g -O0  conftest.c >&5
configure:5670: $? = 0
configure:5670: result: yes
configure:5686: checking locale.h usability
configure:5686: gcc -c -g -O0  conftest.c >&5
configure:5686: $? = 0
configure:5686: result: yes
configure:5686: checking locale.h presence
configure:5686: gcc -E  conftest.c
configure:5686: $? = 0
configure:5686: result: yes
configure:5686: checking for locale.h
configure:5686: result: yes
configure:5697: checking for LC_MESSAGES
configure:5713: gcc -o conftest -g -O0   conftest.c  >&5
configure:5713: $? = 0
configure:5721: result: yes
configure:5738: checking libintl.h usability
configure:5738: gcc -c -g -O0  conftest.c >&5
configure:5738: $? = 0
configure:5738: result: yes
configure:5738: checking libintl.h presence
configure:5738: gcc -E  conftest.c
configure:5738: $? = 0
configure:5738: result: yes
configure:5738: checking for libintl.h
configure:5738: result: yes
configure:5746: checking for ngettext in libc
configure:5764: gcc -o conftest -g -O0   conftest.c  >&5
configure:5764: $? = 0
configure:5773: result: yes
configure:5777: checking for dgettext in libc
configure:5795: gcc -o conftest -g -O0   conftest.c  >&5
configure:5795: $? = 0
configure:5804: result: yes
configure:5811: checking for bind_textdomain_codeset
configure:5811: gcc -o conftest -g -O0   conftest.c  >&5
configure:5811: $? = 0
configure:5811: result: yes
configure:6087: checking for msgfmt
configure:6114: result: /usr/bin/msgfmt
configure:6125: checking for dcgettext
configure:6125: gcc -o conftest -g -O0   conftest.c   >&5
conftest.c:49: warning: conflicting types for built-in function 'dcgettext'
configure:6125: $? = 0
configure:6125: result: yes
configure:6135: checking if msgfmt accepts -c
configure:6150: $MSGFMT -c -o /dev/null conftest.foo
configure:6153: $? = 0
configure:6155: result: yes
configure:6165: checking for gmsgfmt
configure:6196: result: /usr/bin/msgfmt
configure:6206: checking for xgettext
configure:6233: result: /usr/bin/xgettext
configure:6252: gcc -o conftest -g -O0   conftest.c   >&5
configure:6252: $? = 0
configure:6388: checking whether NLS is requested
configure:6397: result: yes
configure:6412: checking for intltool >= 0.35.0
configure:6419: result: 0.41.0 found
configure:6427: checking for intltool-update
configure:6445: found /usr/bin/intltool-update
configure:6457: result: /usr/bin/intltool-update
configure:6467: checking for intltool-merge
configure:6485: found /usr/bin/intltool-merge
configure:6497: result: /usr/bin/intltool-merge
configure:6507: checking for intltool-extract
configure:6525: found /usr/bin/intltool-extract
configure:6537: result: /usr/bin/intltool-extract
configure:6668: checking for xgettext
configure:6698: result: /usr/bin/xgettext
configure:6708: checking for msgmerge
configure:6726: found /usr/bin/msgmerge
configure:6738: result: /usr/bin/msgmerge
configure:6748: checking for msgfmt
configure:6778: result: /usr/bin/msgfmt
configure:6788: checking for gmsgfmt
configure:6819: result: /usr/bin/msgfmt
configure:6839: checking for perl
configure:6857: found /usr/bin/perl
configure:6869: result: /usr/bin/perl
configure:6880: checking for perl >= 5.8.1
configure:6887: result: 5.10.1
configure:6891: checking for XML::Parser
configure:6894: result: ok
configure:6977: checking build system type
configure:6991: result: x86_64-unknown-linux-gnu
configure:7011: checking host system type
configure:7024: result: x86_64-unknown-linux-gnu
configure:7044: checking for a sed that does not truncate output
configure:7108: result: /bin/sed
configure:7126: checking for fgrep
configure:7188: result: /bin/grep -F
configure:7223: checking for ld used by gcc
configure:7290: result: /usr/bin/ld
configure:7297: checking if the linker (/usr/bin/ld) is GNU ld
configure:7312: result: yes
configure:7324: checking for BSD- or MS-compatible name lister (nm)
configure:7373: result: /usr/bin/nm -B
configure:7491: checking the name lister (/usr/bin/nm -B) interface
configure:7498: gcc -c -g -O0  conftest.c >&5
configure:7501: /usr/bin/nm -B "conftest.o"
configure:7504: output
0000000000000000 B some_variable
configure:7511: result: BSD nm
configure:7514: checking whether ln -s works
configure:7518: result: yes
configure:7526: checking the maximum length of command line arguments
configure:7646: result: 1572864
configure:7663: checking whether the shell understands some XSI constructs
configure:7673: result: yes
configure:7677: checking whether the shell understands "+="
configure:7683: result: yes
configure:7718: checking for /usr/bin/ld option to reload object files
configure:7725: result: -r
configure:7794: checking for objdump
configure:7810: found /usr/bin/objdump
configure:7821: result: objdump
configure:7853: checking how to recognize dependent libraries
configure:8049: result: pass_all
configure:8109: checking for ar
configure:8125: found /usr/bin/ar
configure:8136: result: ar
configure:8214: checking for strip
configure:8230: found /usr/bin/strip
configure:8241: result: strip
configure:8313: checking for ranlib
configure:8329: found /usr/bin/ranlib
configure:8340: result: ranlib
configure:8430: checking command to parse /usr/bin/nm -B output from gcc object
configure:8548: gcc -c -g -O0  conftest.c >&5
configure:8551: $? = 0
configure:8555: /usr/bin/nm -B conftest.o \| sed -n -e 's/^.*[	 ]\([ABCDGIRSTW][ABCDGIRSTW]*\)[	 ][	 ]*\([_A-Za-z][_A-Za-z0-9]*\)$/\1 \2 \2/p' \> conftest.nm
configure:8558: $? = 0
configure:8612: gcc -o conftest -g -O0   conftest.c conftstm.o >&5
configure:8615: $? = 0
configure:8653: result: ok
configure:8748: gcc -c -g -O0  conftest.c >&5
configure:8751: $? = 0
configure:9458: checking for dlfcn.h
configure:9458: gcc -c -g -O0  conftest.c >&5
configure:9458: $? = 0
configure:9458: result: yes
configure:9642: checking for objdir
configure:9657: result: .libs
configure:9949: checking if gcc supports -fno-rtti -fno-exceptions
configure:9967: gcc -c -g -O0  -fno-rtti -fno-exceptions conftest.c >&5
cc1: warning: command line option "-fno-rtti" is valid for C++/ObjC++ but not for C
configure:9971: $? = 0
configure:9984: result: no
configure:10004: checking for gcc option to produce PIC
configure:10276: result: -fPIC -DPIC
configure:10288: checking if gcc PIC flag -fPIC -DPIC works
configure:10306: gcc -c -g -O0  -fPIC -DPIC -DPIC conftest.c >&5
configure:10310: $? = 0
configure:10323: result: yes
configure:10347: checking if gcc static flag -static works
configure:10375: result: yes
configure:10390: checking if gcc supports -c -o file.o
configure:10411: gcc -c -g -O0  -o out/conftest2.o conftest.c >&5
configure:10415: $? = 0
configure:10437: result: yes
configure:10445: checking if gcc supports -c -o file.o
configure:10492: result: yes
configure:10525: checking whether the gcc linker (/usr/bin/ld -m elf_x86_64) supports shared libraries
configure:11516: result: yes
configure:11553: checking whether -lc should be explicitly linked in
configure:11558: gcc -c -g -O0  conftest.c >&5
configure:11561: $? = 0
configure:11576: gcc -shared conftest.o  -v -Wl,-soname -Wl,conftest -o conftest 2\>\&1 \| /bin/grep  -lc  \>/dev/null 2\>\&1
configure:11579: $? = 0
configure:11591: result: no
configure:11755: checking dynamic linker characteristics
configure:12188: gcc -o conftest -g -O0   -Wl,-rpath -Wl,/foo conftest.c  >&5
configure:12188: $? = 0
configure:12418: result: GNU/Linux ld.so
configure:12520: checking how to hardcode library paths into programs
configure:12545: result: immediate
configure:13065: checking whether stripping libraries is possible
configure:13070: result: yes
configure:13105: checking if libtool supports shared libraries
configure:13107: result: yes
configure:13110: checking whether to build shared libraries
configure:13131: result: yes
configure:13134: checking whether to build static libraries
configure:13138: result: yes
configure:13225: checking for pkg-config
configure:13243: found /usr/bin/pkg-config
configure:13255: result: /usr/bin/pkg-config
configure:13280: checking pkg-config is at least version 0.9.0
configure:13283: result: yes
configure:13294: checking for GTK_RUNGCHUONGVANG
configure:13302: $PKG_CONFIG --exists --print-errors "gtk+-2.0 >= 2.12    "
configure:13305: $? = 0
configure:13320: $PKG_CONFIG --exists --print-errors "gtk+-2.0 >= 2.12    "
configure:13323: $? = 0
configure:13378: result: yes
configure:13522: creating ./config.status

## ---------------------- ##
## Running config.status. ##
## ---------------------- ##

This file was extended by gtk_rungchuongvang config.status 0.1, which was
generated by GNU Autoconf 2.65.  Invocation command line was

  CONFIG_FILES    = 
  CONFIG_HEADERS  = 
  CONFIG_LINKS    = 
  CONFIG_COMMANDS = 
  $ ./config.status 

on anhlht-desktop

config.status:1144: creating Makefile
config.status:1144: creating src/Makefile
config.status:1144: creating po/Makefile.in
config.status:1144: creating config.h
config.status:1357: executing depfiles commands
config.status:1357: executing default-1 commands
config.status:1357: executing libtool commands
config.status:1357: executing po/stamp-it commands

## ---------------- ##
## Cache variables. ##
## ---------------- ##

ac_cv_build=x86_64-unknown-linux-gnu
ac_cv_c_compiler_gnu=yes
ac_cv_env_CC_set=
ac_cv_env_CC_value=
ac_cv_env_CFLAGS_set=set
ac_cv_env_CFLAGS_value='-g -O0'
ac_cv_env_CPPFLAGS_set=
ac_cv_env_CPPFLAGS_value=
ac_cv_env_CPP_set=
ac_cv_env_CPP_value=
ac_cv_env_GTK_RUNGCHUONGVANG_CFLAGS_set=
ac_cv_env_GTK_RUNGCHUONGVANG_CFLAGS_value=
ac_cv_env_GTK_RUNGCHUONGVANG_LIBS_set=
ac_cv_env_GTK_RUNGCHUONGVANG_LIBS_value=
ac_cv_env_LDFLAGS_set=
ac_cv_env_LDFLAGS_value=
ac_cv_env_LIBS_set=
ac_cv_env_LIBS_value=
ac_cv_env_PKG_CONFIG_set=
ac_cv_env_PKG_CONFIG_value=
ac_cv_env_build_alias_set=
ac_cv_env_build_alias_value=
ac_cv_env_host_alias_set=
ac_cv_env_host_alias_value=
ac_cv_env_target_alias_set=
ac_cv_env_target_alias_value=
ac_cv_func_bind_textdomain_codeset=yes
ac_cv_func_dcgettext=yes
ac_cv_header_dlfcn_h=yes
ac_cv_header_inttypes_h=yes
ac_cv_header_libintl_h=yes
ac_cv_header_locale_h=yes
ac_cv_header_memory_h=yes
ac_cv_header_stdc=yes
ac_cv_header_stdint_h=yes
ac_cv_header_stdlib_h=yes
ac_cv_header_string_h=yes
ac_cv_header_strings_h=yes
ac_cv_header_sys_stat_h=yes
ac_cv_header_sys_types_h=yes
ac_cv_header_unistd_h=yes
ac_cv_host=x86_64-unknown-linux-gnu
ac_cv_objext=o
ac_cv_path_EGREP='/bin/grep -E'
ac_cv_path_FGREP='/bin/grep -F'
ac_cv_path_GMSGFMT=/usr/bin/msgfmt
ac_cv_path_GREP=/bin/grep
ac_cv_path_INTLTOOL_EXTRACT=/usr/bin/intltool-extract
ac_cv_path_INTLTOOL_MERGE=/usr/bin/intltool-merge
ac_cv_path_INTLTOOL_PERL=/usr/bin/perl
ac_cv_path_INTLTOOL_UPDATE=/usr/bin/intltool-update
ac_cv_path_MSGFMT=/usr/bin/msgfmt
ac_cv_path_MSGMERGE=/usr/bin/msgmerge
ac_cv_path_SED=/bin/sed
ac_cv_path_XGETTEXT=/usr/bin/xgettext
ac_cv_path_ac_pt_PKG_CONFIG=/usr/bin/pkg-config
ac_cv_path_install='/usr/bin/install -c'
ac_cv_path_mkdir=/bin/mkdir
ac_cv_prog_AWK=gawk
ac_cv_prog_CPP='gcc -E'
ac_cv_prog_ac_ct_AR=ar
ac_cv_prog_ac_ct_CC=gcc
ac_cv_prog_ac_ct_OBJDUMP=objdump
ac_cv_prog_ac_ct_RANLIB=ranlib
ac_cv_prog_ac_ct_STRIP=strip
ac_cv_prog_cc_c89=
ac_cv_prog_cc_g=yes
ac_cv_prog_make_make_set=yes
ac_cv_search_strerror='none required'
am_cv_CC_dependencies_compiler_type=gcc3
am_cv_prog_cc_stdc=
am_cv_val_LC_MESSAGES=yes
gt_cv_func_dgettext_libc=yes
gt_cv_func_dgettext_libintl=no
gt_cv_func_ngettext_libc=yes
gt_cv_have_gettext=yes
lt_cv_deplibs_check_method=pass_all
lt_cv_file_magic_cmd='$MAGIC_CMD'
lt_cv_file_magic_test_file=
lt_cv_ld_reload_flag=-r
lt_cv_nm_interface='BSD nm'
lt_cv_objdir=.libs
lt_cv_path_LD=/usr/bin/ld
lt_cv_path_NM='/usr/bin/nm -B'
lt_cv_prog_compiler_c_o=yes
lt_cv_prog_compiler_pic_works=yes
lt_cv_prog_compiler_rtti_exceptions=no
lt_cv_prog_compiler_static_works=yes
lt_cv_prog_gnu_ld=yes
lt_cv_sys_global_symbol_pipe='sed -n -e '\''s/^.*[	 ]\([ABCDGIRSTW][ABCDGIRSTW]*\)[	 ][	 ]*\([_A-Za-z][_A-Za-z0-9]*\)$/\1 \2 \2/p'\'''
lt_cv_sys_global_symbol_to_c_name_address='sed -n -e '\''s/^: \([^ ]*\) $/  {\"\1\", (void *) 0},/p'\'' -e '\''s/^[ABCDGIRSTW]* \([^ ]*\) \([^ ]*\)$/  {"\2", (void *) \&\2},/p'\'''
lt_cv_sys_global_symbol_to_c_name_address_lib_prefix='sed -n -e '\''s/^: \([^ ]*\) $/  {\"\1\", (void *) 0},/p'\'' -e '\''s/^[ABCDGIRSTW]* \([^ ]*\) \(lib[^ ]*\)$/  {"\2", (void *) \&\2},/p'\'' -e '\''s/^[ABCDGIRSTW]* \([^ ]*\) \([^ ]*\)$/  {"lib\2", (void *) \&\2},/p'\'''
lt_cv_sys_global_symbol_to_cdecl='sed -n -e '\''s/^T .* \(.*\)$/extern int \1();/p'\'' -e '\''s/^[ABCDGIRSTW]* .* \(.*\)$/extern char \1;/p'\'''
lt_cv_sys_max_cmd_len=1572864
pkg_cv_GTK_RUNGCHUONGVANG_CFLAGS='-pthread -D_REENTRANT -I/usr/include/gtk-2.0 -I/usr/lib/gtk-2.0/include -I/usr/include/atk-1.0 -I/usr/include/cairo -I/usr/include/pango-1.0 -I/usr/include/gio-unix-2.0/ -I/usr/include/glib-2.0 -I/usr/lib/glib-2.0/include -I/usr/include/pixman-1 -I/usr/include/freetype2 -I/usr/include/directfb -I/usr/include/libpng12  '
pkg_cv_GTK_RUNGCHUONGVANG_LIBS='-pthread -lgtk-x11-2.0 -lgdk-x11-2.0 -latk-1.0 -lgio-2.0 -lpangoft2-1.0 -lgdk_pixbuf-2.0 -lm -lpangocairo-1.0 -lcairo -lpango-1.0 -lfreetype -lfontconfig -lgobject-2.0 -lgmodule-2.0 -lgthread-2.0 -lrt -lglib-2.0  '

## ----------------- ##
## Output variables. ##
## ----------------- ##

ACLOCAL='${SHELL} /home/anhlht/gtk-rungchuongvang1/missing --run aclocal-1.11'
ALL_LINGUAS=''
AMDEPBACKSLASH='\'
AMDEP_FALSE='#'
AMDEP_TRUE=''
AMTAR='${SHELL} /home/anhlht/gtk-rungchuongvang1/missing --run tar'
AM_BACKSLASH='\'
AM_DEFAULT_VERBOSITY='0'
AR='ar'
AUTOCONF='${SHELL} /home/anhlht/gtk-rungchuongvang1/missing --run autoconf'
AUTOHEADER='${SHELL} /home/anhlht/gtk-rungchuongvang1/missing --run autoheader'
AUTOMAKE='${SHELL} /home/anhlht/gtk-rungchuongvang1/missing --run automake-1.11'
AWK='gawk'
CATALOGS=''
CATOBJEXT='.gmo'
CC='gcc'
CCDEPMODE='depmode=gcc3'
CFLAGS='-g -O0'
CPP='gcc -E'
CPPFLAGS=''
CYGPATH_W='echo'
DATADIRNAME='share'
DEFS='-DHAVE_CONFIG_H'
DEPDIR='.deps'
DSYMUTIL=''
DUMPBIN=''
ECHO_C=''
ECHO_N='-n'
ECHO_T=''
EGREP='/bin/grep -E'
EXEEXT=''
FGREP='/bin/grep -F'
GETTEXT_PACKAGE='gtk_rungchuongvang'
GMOFILES=''
GMSGFMT='/usr/bin/msgfmt'
GREP='/bin/grep'
GTK_RUNGCHUONGVANG_CFLAGS='-pthread -D_REENTRANT -I/usr/include/gtk-2.0 -I/usr/lib/gtk-2.0/include -I/usr/include/atk-1.0 -I/usr/include/cairo -I/usr/include/pango-1.0 -I/usr/include/gio-unix-2.0/ -I/usr/include/glib-2.0 -I/usr/lib/glib-2.0/include -I/usr/include/pixman-1 -I/usr/include/freetype2 -I/usr/include/directfb -I/usr/include/libpng12  '
GTK_RUNGCHUONGVANG_LIBS='-pthread -lgtk-x11-2.0 -lgdk-x11-2.0 -latk-1.0 -lgio-2.0 -lpangoft2-1.0 -lgdk_pixbuf-2.0 -lm -lpangocairo-1.0 -lcairo -lpango-1.0 -lfreetype -lfontconfig -lgobject-2.0 -lgmodule-2.0 -lgthread-2.0 -lrt -lglib-2.0  '
INSTALL_DATA='${INSTALL} -m 644'
INSTALL_PROGRAM='${INSTALL}'
INSTALL_SCRIPT='${INSTALL}'
INSTALL_STRIP_PROGRAM='$(install_sh) -c -s'
INSTOBJEXT='.mo'
INTLLIBS=''
INTLTOOL_CAVES_RULE='%.caves:     %.caves.in     $(INTLTOOL_MERGE) $(wildcard $(top_srcdir)/po/*.po) ; LC_ALL=C $(INTLTOOL_MERGE) -d -u -c $(top_builddir)/po/.intltool-merge-cache $(top_srcdir)/po $< $@'
INTLTOOL_DESKTOP_RULE='%.desktop:   %.desktop.in   $(INTLTOOL_MERGE) $(wildcard $(top_srcdir)/po/*.po) ; LC_ALL=C $(INTLTOOL_MERGE) -d -u -c $(top_builddir)/po/.intltool-merge-cache $(top_srcdir)/po $< $@'
INTLTOOL_DIRECTORY_RULE='%.directory: %.directory.in $(INTLTOOL_MERGE) $(wildcard $(top_srcdir)/po/*.po) ; LC_ALL=C $(INTLTOOL_MERGE) -d -u -c $(top_builddir)/po/.intltool-merge-cache $(top_srcdir)/po $< $@'
INTLTOOL_EXTRACT='/usr/bin/intltool-extract'
INTLTOOL_KBD_RULE='%.kbd:       %.kbd.in       $(INTLTOOL_MERGE) $(wildcard $(top_srcdir)/po/*.po) ; LC_ALL=C $(INTLTOOL_MERGE) -x -u -m -c $(top_builddir)/po/.intltool-merge-cache $(top_srcdir)/po $< $@'
INTLTOOL_KEYS_RULE='%.keys:      %.keys.in      $(INTLTOOL_MERGE) $(wildcard $(top_srcdir)/po/*.po) ; LC_ALL=C $(INTLTOOL_MERGE) -k -u -c $(top_builddir)/po/.intltool-merge-cache $(top_srcdir)/po $< $@'
INTLTOOL_MERGE='/usr/bin/intltool-merge'
INTLTOOL_OAF_RULE='%.oaf:       %.oaf.in       $(INTLTOOL_MERGE) $(wildcard $(top_srcdir)/po/*.po) ; LC_ALL=C $(INTLTOOL_MERGE) -o -p $(top_srcdir)/po $< $@'
INTLTOOL_PERL='/usr/bin/perl'
INTLTOOL_POLICY_RULE='%.policy:    %.policy.in    $(INTLTOOL_MERGE) $(wildcard $(top_srcdir)/po/*.po) ; LC_ALL=C $(INTLTOOL_MERGE) -x -u -c $(top_builddir)/po/.intltool-merge-cache $(top_srcdir)/po $< $@'
INTLTOOL_PONG_RULE='%.pong:      %.pong.in      $(INTLTOOL_MERGE) $(wildcard $(top_srcdir)/po/*.po) ; LC_ALL=C $(INTLTOOL_MERGE) -x -u -c $(top_builddir)/po/.intltool-merge-cache $(top_srcdir)/po $< $@'
INTLTOOL_PROP_RULE='%.prop:      %.prop.in      $(INTLTOOL_MERGE) $(wildcard $(top_srcdir)/po/*.po) ; LC_ALL=C $(INTLTOOL_MERGE) -d -u -c $(top_builddir)/po/.intltool-merge-cache $(top_srcdir)/po $< $@'
INTLTOOL_SCHEMAS_RULE='%.schemas:   %.schemas.in   $(INTLTOOL_MERGE) $(wildcard $(top_srcdir)/po/*.po) ; LC_ALL=C $(INTLTOOL_MERGE) -s -u -c $(top_builddir)/po/.intltool-merge-cache $(top_srcdir)/po $< $@'
INTLTOOL_SERVER_RULE='%.server:    %.server.in    $(INTLTOOL_MERGE) $(wildcard $(top_srcdir)/po/*.po) ; LC_ALL=C $(INTLTOOL_MERGE) -o -u -c $(top_builddir)/po/.intltool-merge-cache $(top_srcdir)/po $< $@'
INTLTOOL_SERVICE_RULE='%.service: %.service.in   $(INTLTOOL_MERGE) $(wildcard $(top_srcdir)/po/*.po) ; LC_ALL=C $(INTLTOOL_MERGE) -d -u -c $(top_builddir)/po/.intltool-merge-cache $(top_srcdir)/po $< $@'
INTLTOOL_SHEET_RULE='%.sheet:     %.sheet.in     $(INTLTOOL_MERGE) $(wildcard $(top_srcdir)/po/*.po) ; LC_ALL=C $(INTLTOOL_MERGE) -x -u -c $(top_builddir)/po/.intltool-merge-cache $(top_srcdir)/po $< $@'
INTLTOOL_SOUNDLIST_RULE='%.soundlist: %.soundlist.in $(INTLTOOL_MERGE) $(wildcard $(top_srcdir)/po/*.po) ; LC_ALL=C $(INTLTOOL_MERGE) -d -u -c $(top_builddir)/po/.intltool-merge-cache $(top_srcdir)/po $< $@'
INTLTOOL_THEME_RULE='%.theme:     %.theme.in     $(INTLTOOL_MERGE) $(wildcard $(top_srcdir)/po/*.po) ; LC_ALL=C $(INTLTOOL_MERGE) -d -u -c $(top_builddir)/po/.intltool-merge-cache $(top_srcdir)/po $< $@'
INTLTOOL_UI_RULE='%.ui:        %.ui.in        $(INTLTOOL_MERGE) $(wildcard $(top_srcdir)/po/*.po) ; LC_ALL=C $(INTLTOOL_MERGE) -x -u -c $(top_builddir)/po/.intltool-merge-cache $(top_srcdir)/po $< $@'
INTLTOOL_UPDATE='/usr/bin/intltool-update'
INTLTOOL_XAM_RULE='%.xam:       %.xml.in       $(INTLTOOL_MERGE) $(wildcard $(top_srcdir)/po/*.po) ; LC_ALL=C $(INTLTOOL_MERGE) -x -u -c $(top_builddir)/po/.intltool-merge-cache $(top_srcdir)/po $< $@'
INTLTOOL_XML_NOMERGE_RULE='%.xml:       %.xml.in       $(INTLTOOL_MERGE) ; LC_ALL=C $(INTLTOOL_MERGE) -x -u /tmp $< $@'
INTLTOOL_XML_RULE='%.xml:       %.xml.in       $(INTLTOOL_MERGE) $(wildcard $(top_srcdir)/po/*.po) ; LC_ALL=C $(INTLTOOL_MERGE) -x -u -c $(top_builddir)/po/.intltool-merge-cache $(top_srcdir)/po $< $@'
LD='/usr/bin/ld -m elf_x86_64'
LDFLAGS=''
LIBOBJS=''
LIBS=''
LIBTOOL='$(SHELL) $(top_builddir)/libtool'
LIPO=''
LN_S='ln -s'
LTLIBOBJS=''
MAINT=''
MAINTAINER_MODE_FALSE='#'
MAINTAINER_MODE_TRUE=''
MAKEINFO='${SHELL} /home/anhlht/gtk-rungchuongvang1/missing --run makeinfo'
MKDIR_P='/bin/mkdir -p'
MKINSTALLDIRS='/home/anhlht/gtk-rungchuongvang1/mkinstalldirs'
MSGFMT='/usr/bin/msgfmt'
MSGFMT_OPTS='-c'
MSGMERGE='/usr/bin/msgmerge'
NM='/usr/bin/nm -B'
NMEDIT=''
OBJDUMP='objdump'
OBJEXT='o'
OTOOL64=''
OTOOL=''
PACKAGE='gtk_rungchuongvang'
PACKAGE_BUGREPORT=''
PACKAGE_NAME='gtk_rungchuongvang'
PACKAGE_STRING='gtk_rungchuongvang 0.1'
PACKAGE_TARNAME='gtk_rungchuongvang'
PACKAGE_URL=''
PACKAGE_VERSION='0.1'
PATH_SEPARATOR=':'
PKG_CONFIG='/usr/bin/pkg-config'
POFILES=''
POSUB='po'
PO_IN_DATADIR_FALSE=''
PO_IN_DATADIR_TRUE=''
RANLIB='ranlib'
SED='/bin/sed'
SET_MAKE=''
SHELL='/bin/bash'
STRIP='strip'
USE_NLS='yes'
VERSION='0.1'
XGETTEXT='/usr/bin/xgettext'
ac_ct_CC='gcc'
ac_ct_DUMPBIN=''
am__EXEEXT_FALSE=''
am__EXEEXT_TRUE='#'
am__fastdepCC_FALSE='#'
am__fastdepCC_TRUE=''
am__include='include'
am__isrc=' -I$(srcdir)'
am__leading_dot='.'
am__quote=''
am__tar='${AMTAR} chof - "$$tardir"'
am__untar='${AMTAR} xf -'
bindir='${exec_prefix}/bin'
build='x86_64-unknown-linux-gnu'
build_alias=''
build_cpu='x86_64'
build_os='linux-gnu'
build_vendor='unknown'
datadir='${datarootdir}'
datarootdir='${prefix}/share'
docdir='${datarootdir}/doc/${PACKAGE_TARNAME}'
dvidir='${docdir}'
exec_prefix='${prefix}'
host='x86_64-unknown-linux-gnu'
host_alias=''
host_cpu='x86_64'
host_os='linux-gnu'
host_vendor='unknown'
htmldir='${docdir}'
includedir='${prefix}/include'
infodir='${datarootdir}/info'
install_sh='${SHELL} /home/anhlht/gtk-rungchuongvang1/install-sh'
libdir='${exec_prefix}/lib'
libexecdir='${exec_prefix}/libexec'
localedir='${datarootdir}/locale'
localstatedir='${prefix}/var'
lt_ECHO='echo'
mandir='${datarootdir}/man'
mkdir_p='/bin/mkdir -p'
oldincludedir='/usr/include'
pdfdir='${docdir}'
prefix='/usr/local'
program_transform_name='s,x,x,'
psdir='${docdir}'
sbindir='${exec_prefix}/sbin'
sharedstatedir='${prefix}/com'
sysconfdir='${prefix}/etc'
target_alias=''

## ----------- ##
## confdefs.h. ##
## ----------- ##

/* confdefs.h */
#define PACKAGE_NAME "gtk_rungchuongvang"
#define PACKAGE_TARNAME "gtk_rungchuongvang"
#define PACKAGE_VERSION "0.1"
#define PACKAGE_STRING "gtk_rungchuongvang 0.1"
#define PACKAGE_BUGREPORT ""
#define PACKAGE_URL ""
#define PACKAGE "gtk_rungchuongvang"
#define VERSION "0.1"
#define STDC_HEADERS 1
#define GETTEXT_PACKAGE "gtk_rungchuongvang"
#define HAVE_SYS_TYPES_H 1
#define HAVE_SYS_STAT_H 1
#define HAVE_STDLIB_H 1
#define HAVE_STRING_H 1
#define HAVE_MEMORY_H 1
#define HAVE_STRINGS_H 1
#define HAVE_INTTYPES_H 1
#define HAVE_STDINT_H 1
#define HAVE_UNISTD_H 1
#define HAVE_LOCALE_H 1
#define HAVE_LC_MESSAGES 1
#define HAVE_BIND_TEXTDOMAIN_CODESET 1
#define HAVE_GETTEXT 1
#define HAVE_DCGETTEXT 1
#define ENABLE_NLS 1
#define HAVE_DLFCN_H 1
#define LT_OBJDIR ".libs/"

configure: exit 0
